{"/home/user/seal/src/App.tsx": {"path":"/home/user/seal/src/App.tsx","all":true,"statementMap":{"0":{"start":{"line":1,"column":0},"end":{"line":1,"column":74}},"50":{"start":{"line":51,"column":0},"end":{"line":51,"column":42}},"51":{"start":{"line":52,"column":0},"end":{"line":52,"column":52}},"60":{"start":{"line":61,"column":0},"end":{"line":61,"column":59}},"61":{"start":{"line":62,"column":0},"end":{"line":62,"column":49}},"62":{"start":{"line":63,"column":0},"end":{"line":63,"column":36}},"63":{"start":{"line":64,"column":0},"end":{"line":64,"column":85}},"64":{"start":{"line":65,"column":0},"end":{"line":65,"column":63}},"65":{"start":{"line":66,"column":0},"end":{"line":66,"column":31}},"66":{"start":{"line":67,"column":0},"end":{"line":67,"column":5}},"67":{"start":{"line":68,"column":0},"end":{"line":68,"column":1}},"69":{"start":{"line":70,"column":0},"end":{"line":70,"column":66}},"70":{"start":{"line":71,"column":0},"end":{"line":71,"column":10}},"71":{"start":{"line":72,"column":0},"end":{"line":72,"column":70}},"72":{"start":{"line":73,"column":0},"end":{"line":73,"column":11}},"73":{"start":{"line":74,"column":0},"end":{"line":74,"column":27}},"74":{"start":{"line":75,"column":0},"end":{"line":75,"column":490}},"75":{"start":{"line":76,"column":0},"end":{"line":76,"column":8}},"76":{"start":{"line":77,"column":0},"end":{"line":77,"column":10}},"78":{"start":{"line":79,"column":0},"end":{"line":79,"column":1}},"80":{"start":{"line":81,"column":0},"end":{"line":81,"column":68}},"81":{"start":{"line":82,"column":0},"end":{"line":82,"column":10}},"82":{"start":{"line":83,"column":0},"end":{"line":83,"column":70}},"83":{"start":{"line":84,"column":0},"end":{"line":84,"column":11}},"84":{"start":{"line":85,"column":0},"end":{"line":85,"column":27}},"85":{"start":{"line":86,"column":0},"end":{"line":86,"column":250}},"86":{"start":{"line":87,"column":0},"end":{"line":87,"column":8}},"87":{"start":{"line":88,"column":0},"end":{"line":88,"column":10}},"89":{"start":{"line":90,"column":0},"end":{"line":90,"column":1}},"91":{"start":{"line":92,"column":0},"end":{"line":92,"column":65}},"92":{"start":{"line":93,"column":0},"end":{"line":93,"column":10}},"93":{"start":{"line":94,"column":0},"end":{"line":94,"column":70}},"94":{"start":{"line":95,"column":0},"end":{"line":95,"column":11}},"95":{"start":{"line":96,"column":0},"end":{"line":96,"column":27}},"96":{"start":{"line":97,"column":0},"end":{"line":97,"column":562}},"97":{"start":{"line":98,"column":0},"end":{"line":98,"column":8}},"98":{"start":{"line":99,"column":0},"end":{"line":99,"column":10}},"100":{"start":{"line":101,"column":0},"end":{"line":101,"column":1}},"102":{"start":{"line":103,"column":0},"end":{"line":103,"column":31}},"103":{"start":{"line":104,"column":0},"end":{"line":104,"column":68}},"104":{"start":{"line":105,"column":0},"end":{"line":105,"column":92}},"105":{"start":{"line":106,"column":0},"end":{"line":106,"column":87}},"106":{"start":{"line":107,"column":0},"end":{"line":107,"column":43}},"107":{"start":{"line":108,"column":0},"end":{"line":108,"column":89}},"108":{"start":{"line":109,"column":0},"end":{"line":109,"column":59}},"109":{"start":{"line":110,"column":0},"end":{"line":110,"column":80}},"110":{"start":{"line":111,"column":0},"end":{"line":111,"column":58}},"111":{"start":{"line":112,"column":0},"end":{"line":112,"column":76}},"112":{"start":{"line":113,"column":0},"end":{"line":113,"column":58}},"113":{"start":{"line":114,"column":0},"end":{"line":114,"column":63}},"114":{"start":{"line":115,"column":0},"end":{"line":115,"column":56}},"115":{"start":{"line":116,"column":0},"end":{"line":116,"column":68}},"116":{"start":{"line":117,"column":0},"end":{"line":117,"column":61}},"117":{"start":{"line":118,"column":0},"end":{"line":118,"column":85}},"118":{"start":{"line":119,"column":0},"end":{"line":119,"column":82}},"119":{"start":{"line":120,"column":0},"end":{"line":120,"column":80}},"120":{"start":{"line":121,"column":0},"end":{"line":121,"column":69}},"121":{"start":{"line":122,"column":0},"end":{"line":122,"column":87}},"122":{"start":{"line":123,"column":0},"end":{"line":123,"column":103}},"123":{"start":{"line":124,"column":0},"end":{"line":124,"column":80}},"124":{"start":{"line":125,"column":0},"end":{"line":125,"column":74}},"125":{"start":{"line":126,"column":0},"end":{"line":126,"column":64}},"126":{"start":{"line":127,"column":0},"end":{"line":127,"column":51}},"127":{"start":{"line":128,"column":0},"end":{"line":128,"column":61}},"128":{"start":{"line":129,"column":0},"end":{"line":129,"column":72}},"129":{"start":{"line":130,"column":0},"end":{"line":130,"column":102}},"130":{"start":{"line":131,"column":0},"end":{"line":131,"column":69}},"131":{"start":{"line":132,"column":0},"end":{"line":132,"column":67}},"132":{"start":{"line":133,"column":0},"end":{"line":133,"column":77}},"133":{"start":{"line":134,"column":0},"end":{"line":134,"column":100}},"134":{"start":{"line":135,"column":0},"end":{"line":135,"column":91}},"135":{"start":{"line":136,"column":0},"end":{"line":136,"column":93}},"136":{"start":{"line":137,"column":0},"end":{"line":137,"column":78}},"137":{"start":{"line":138,"column":0},"end":{"line":138,"column":77}},"139":{"start":{"line":140,"column":0},"end":{"line":140,"column":8}},"140":{"start":{"line":141,"column":0},"end":{"line":141,"column":80}},"141":{"start":{"line":142,"column":0},"end":{"line":142,"column":78}},"142":{"start":{"line":143,"column":0},"end":{"line":143,"column":54}},"143":{"start":{"line":144,"column":0},"end":{"line":144,"column":105}},"144":{"start":{"line":145,"column":0},"end":{"line":145,"column":99}},"145":{"start":{"line":146,"column":0},"end":{"line":146,"column":72}},"146":{"start":{"line":147,"column":0},"end":{"line":147,"column":55}},"147":{"start":{"line":148,"column":0},"end":{"line":148,"column":62}},"148":{"start":{"line":149,"column":0},"end":{"line":149,"column":47}},"149":{"start":{"line":150,"column":0},"end":{"line":150,"column":72}},"150":{"start":{"line":151,"column":0},"end":{"line":151,"column":47}},"151":{"start":{"line":152,"column":0},"end":{"line":152,"column":39}},"152":{"start":{"line":153,"column":0},"end":{"line":153,"column":44}},"153":{"start":{"line":154,"column":0},"end":{"line":154,"column":64}},"154":{"start":{"line":155,"column":0},"end":{"line":155,"column":74}},"155":{"start":{"line":156,"column":0},"end":{"line":156,"column":70}},"156":{"start":{"line":157,"column":0},"end":{"line":157,"column":66}},"157":{"start":{"line":158,"column":0},"end":{"line":158,"column":61}},"158":{"start":{"line":159,"column":0},"end":{"line":159,"column":24}},"159":{"start":{"line":160,"column":0},"end":{"line":160,"column":39}},"160":{"start":{"line":161,"column":0},"end":{"line":161,"column":31}},"161":{"start":{"line":162,"column":0},"end":{"line":162,"column":64}},"162":{"start":{"line":163,"column":0},"end":{"line":163,"column":41}},"164":{"start":{"line":165,"column":0},"end":{"line":165,"column":47}},"165":{"start":{"line":166,"column":0},"end":{"line":166,"column":57}},"166":{"start":{"line":167,"column":0},"end":{"line":167,"column":106}},"167":{"start":{"line":168,"column":0},"end":{"line":168,"column":78}},"168":{"start":{"line":169,"column":0},"end":{"line":169,"column":84}},"169":{"start":{"line":170,"column":0},"end":{"line":170,"column":83}},"170":{"start":{"line":171,"column":0},"end":{"line":171,"column":72}},"171":{"start":{"line":172,"column":0},"end":{"line":172,"column":5}},"172":{"start":{"line":173,"column":0},"end":{"line":173,"column":91}},"173":{"start":{"line":174,"column":0},"end":{"line":174,"column":97}},"174":{"start":{"line":175,"column":0},"end":{"line":175,"column":85}},"175":{"start":{"line":176,"column":0},"end":{"line":176,"column":37}},"176":{"start":{"line":177,"column":0},"end":{"line":177,"column":35}},"177":{"start":{"line":178,"column":0},"end":{"line":178,"column":13}},"178":{"start":{"line":179,"column":0},"end":{"line":179,"column":45}},"179":{"start":{"line":180,"column":0},"end":{"line":180,"column":50}},"180":{"start":{"line":181,"column":0},"end":{"line":181,"column":106}},"181":{"start":{"line":182,"column":0},"end":{"line":182,"column":17}},"182":{"start":{"line":183,"column":0},"end":{"line":183,"column":50}},"183":{"start":{"line":184,"column":0},"end":{"line":184,"column":27}},"184":{"start":{"line":185,"column":0},"end":{"line":185,"column":106}},"185":{"start":{"line":186,"column":0},"end":{"line":186,"column":11}},"186":{"start":{"line":187,"column":0},"end":{"line":187,"column":53}},"187":{"start":{"line":188,"column":0},"end":{"line":188,"column":28}},"188":{"start":{"line":189,"column":0},"end":{"line":189,"column":71}},"189":{"start":{"line":190,"column":0},"end":{"line":190,"column":11}},"190":{"start":{"line":191,"column":0},"end":{"line":191,"column":22}},"191":{"start":{"line":192,"column":0},"end":{"line":192,"column":9}},"192":{"start":{"line":193,"column":0},"end":{"line":193,"column":8}},"193":{"start":{"line":194,"column":0},"end":{"line":194,"column":6}},"194":{"start":{"line":195,"column":0},"end":{"line":195,"column":102}},"196":{"start":{"line":197,"column":0},"end":{"line":197,"column":57}},"197":{"start":{"line":198,"column":0},"end":{"line":198,"column":13}},"198":{"start":{"line":199,"column":0},"end":{"line":199,"column":5}},"200":{"start":{"line":201,"column":0},"end":{"line":201,"column":41}},"201":{"start":{"line":202,"column":0},"end":{"line":202,"column":87}},"202":{"start":{"line":203,"column":0},"end":{"line":203,"column":37}},"203":{"start":{"line":204,"column":0},"end":{"line":204,"column":31}},"204":{"start":{"line":205,"column":0},"end":{"line":205,"column":19}},"205":{"start":{"line":206,"column":0},"end":{"line":206,"column":74}},"206":{"start":{"line":207,"column":0},"end":{"line":207,"column":9}},"208":{"start":{"line":209,"column":0},"end":{"line":209,"column":19}},"209":{"start":{"line":210,"column":0},"end":{"line":210,"column":9}},"210":{"start":{"line":211,"column":0},"end":{"line":211,"column":61}},"211":{"start":{"line":212,"column":0},"end":{"line":212,"column":16}},"212":{"start":{"line":213,"column":0},"end":{"line":213,"column":64}},"213":{"start":{"line":214,"column":0},"end":{"line":214,"column":7}},"214":{"start":{"line":215,"column":0},"end":{"line":215,"column":13}},"216":{"start":{"line":217,"column":0},"end":{"line":217,"column":5}},"217":{"start":{"line":218,"column":0},"end":{"line":218,"column":9}},"219":{"start":{"line":220,"column":0},"end":{"line":220,"column":19}},"220":{"start":{"line":221,"column":0},"end":{"line":221,"column":9}},"221":{"start":{"line":222,"column":0},"end":{"line":222,"column":69}},"222":{"start":{"line":223,"column":0},"end":{"line":223,"column":16}},"223":{"start":{"line":224,"column":0},"end":{"line":224,"column":70}},"224":{"start":{"line":225,"column":0},"end":{"line":225,"column":7}},"225":{"start":{"line":226,"column":0},"end":{"line":226,"column":13}},"227":{"start":{"line":228,"column":0},"end":{"line":228,"column":5}},"228":{"start":{"line":229,"column":0},"end":{"line":229,"column":9}},"230":{"start":{"line":231,"column":0},"end":{"line":231,"column":19}},"231":{"start":{"line":232,"column":0},"end":{"line":232,"column":9}},"232":{"start":{"line":233,"column":0},"end":{"line":233,"column":71}},"233":{"start":{"line":234,"column":0},"end":{"line":234,"column":13}},"235":{"start":{"line":236,"column":0},"end":{"line":236,"column":5}},"236":{"start":{"line":237,"column":0},"end":{"line":237,"column":13}},"238":{"start":{"line":239,"column":0},"end":{"line":239,"column":19}},"239":{"start":{"line":240,"column":0},"end":{"line":240,"column":9}},"240":{"start":{"line":241,"column":0},"end":{"line":241,"column":90}},"241":{"start":{"line":242,"column":0},"end":{"line":242,"column":13}},"243":{"start":{"line":244,"column":0},"end":{"line":244,"column":5}},"244":{"start":{"line":245,"column":0},"end":{"line":245,"column":24}},"246":{"start":{"line":247,"column":0},"end":{"line":247,"column":19}},"247":{"start":{"line":248,"column":0},"end":{"line":248,"column":48}},"248":{"start":{"line":249,"column":0},"end":{"line":249,"column":28}},"249":{"start":{"line":250,"column":0},"end":{"line":250,"column":7}},"250":{"start":{"line":251,"column":0},"end":{"line":251,"column":20}},"252":{"start":{"line":253,"column":0},"end":{"line":253,"column":19}},"253":{"start":{"line":254,"column":0},"end":{"line":254,"column":47}},"254":{"start":{"line":255,"column":0},"end":{"line":255,"column":50}},"255":{"start":{"line":256,"column":0},"end":{"line":256,"column":30}},"256":{"start":{"line":257,"column":0},"end":{"line":257,"column":9}},"257":{"start":{"line":258,"column":0},"end":{"line":258,"column":13}},"258":{"start":{"line":259,"column":0},"end":{"line":259,"column":18}},"259":{"start":{"line":260,"column":0},"end":{"line":260,"column":37}},"260":{"start":{"line":261,"column":0},"end":{"line":261,"column":6}},"261":{"start":{"line":262,"column":0},"end":{"line":262,"column":20}},"263":{"start":{"line":264,"column":0},"end":{"line":264,"column":19}},"264":{"start":{"line":265,"column":0},"end":{"line":265,"column":28}},"265":{"start":{"line":266,"column":0},"end":{"line":266,"column":54}},"266":{"start":{"line":267,"column":0},"end":{"line":267,"column":43}},"267":{"start":{"line":268,"column":0},"end":{"line":268,"column":15}},"268":{"start":{"line":269,"column":0},"end":{"line":269,"column":7}},"269":{"start":{"line":270,"column":0},"end":{"line":270,"column":20}},"270":{"start":{"line":271,"column":0},"end":{"line":271,"column":37}},"271":{"start":{"line":272,"column":0},"end":{"line":272,"column":7}},"272":{"start":{"line":273,"column":0},"end":{"line":273,"column":44}},"273":{"start":{"line":274,"column":0},"end":{"line":274,"column":51}},"274":{"start":{"line":275,"column":0},"end":{"line":275,"column":45}},"275":{"start":{"line":276,"column":0},"end":{"line":276,"column":25}},"276":{"start":{"line":277,"column":0},"end":{"line":277,"column":55}},"277":{"start":{"line":278,"column":0},"end":{"line":278,"column":7}},"278":{"start":{"line":279,"column":0},"end":{"line":279,"column":6}},"279":{"start":{"line":280,"column":0},"end":{"line":280,"column":29}},"280":{"start":{"line":281,"column":0},"end":{"line":281,"column":47}},"281":{"start":{"line":282,"column":0},"end":{"line":282,"column":27}},"282":{"start":{"line":283,"column":0},"end":{"line":283,"column":13}},"283":{"start":{"line":284,"column":0},"end":{"line":284,"column":18}},"284":{"start":{"line":285,"column":0},"end":{"line":285,"column":25}},"285":{"start":{"line":286,"column":0},"end":{"line":286,"column":37}},"286":{"start":{"line":287,"column":0},"end":{"line":287,"column":6}},"287":{"start":{"line":288,"column":0},"end":{"line":288,"column":9}},"289":{"start":{"line":290,"column":0},"end":{"line":290,"column":19}},"290":{"start":{"line":291,"column":0},"end":{"line":291,"column":105}},"291":{"start":{"line":292,"column":0},"end":{"line":292,"column":65}},"292":{"start":{"line":293,"column":0},"end":{"line":293,"column":100}},"293":{"start":{"line":294,"column":0},"end":{"line":294,"column":24}},"294":{"start":{"line":295,"column":0},"end":{"line":295,"column":9}},"296":{"start":{"line":297,"column":0},"end":{"line":297,"column":19}},"297":{"start":{"line":298,"column":0},"end":{"line":298,"column":63}},"298":{"start":{"line":299,"column":0},"end":{"line":299,"column":53}},"299":{"start":{"line":300,"column":0},"end":{"line":300,"column":14}},"301":{"start":{"line":302,"column":0},"end":{"line":302,"column":65}},"302":{"start":{"line":303,"column":0},"end":{"line":303,"column":46}},"303":{"start":{"line":304,"column":0},"end":{"line":304,"column":86}},"304":{"start":{"line":305,"column":0},"end":{"line":305,"column":33}},"305":{"start":{"line":306,"column":0},"end":{"line":306,"column":17}},"306":{"start":{"line":307,"column":0},"end":{"line":307,"column":70}},"307":{"start":{"line":308,"column":0},"end":{"line":308,"column":25}},"308":{"start":{"line":309,"column":0},"end":{"line":309,"column":17}},"309":{"start":{"line":310,"column":0},"end":{"line":310,"column":9}},"310":{"start":{"line":311,"column":0},"end":{"line":311,"column":39}},"311":{"start":{"line":312,"column":0},"end":{"line":312,"column":18}},"312":{"start":{"line":313,"column":0},"end":{"line":313,"column":68}},"313":{"start":{"line":314,"column":0},"end":{"line":314,"column":12}},"314":{"start":{"line":315,"column":0},"end":{"line":315,"column":7}},"315":{"start":{"line":316,"column":0},"end":{"line":316,"column":12}},"316":{"start":{"line":317,"column":0},"end":{"line":317,"column":79}},"317":{"start":{"line":318,"column":0},"end":{"line":318,"column":5}},"318":{"start":{"line":319,"column":0},"end":{"line":319,"column":43}},"319":{"start":{"line":320,"column":0},"end":{"line":320,"column":62}},"320":{"start":{"line":321,"column":0},"end":{"line":321,"column":59}},"321":{"start":{"line":322,"column":0},"end":{"line":322,"column":54}},"322":{"start":{"line":323,"column":0},"end":{"line":323,"column":49}},"323":{"start":{"line":324,"column":0},"end":{"line":324,"column":51}},"324":{"start":{"line":325,"column":0},"end":{"line":325,"column":51}},"325":{"start":{"line":326,"column":0},"end":{"line":326,"column":75}},"326":{"start":{"line":327,"column":0},"end":{"line":327,"column":33}},"327":{"start":{"line":328,"column":0},"end":{"line":328,"column":76}},"328":{"start":{"line":329,"column":0},"end":{"line":329,"column":17}},"329":{"start":{"line":330,"column":0},"end":{"line":330,"column":91}},"330":{"start":{"line":331,"column":0},"end":{"line":331,"column":69}},"331":{"start":{"line":332,"column":0},"end":{"line":332,"column":9}},"332":{"start":{"line":333,"column":0},"end":{"line":333,"column":7}},"333":{"start":{"line":334,"column":0},"end":{"line":334,"column":5}},"334":{"start":{"line":335,"column":0},"end":{"line":335,"column":29}},"335":{"start":{"line":336,"column":0},"end":{"line":336,"column":22}},"336":{"start":{"line":337,"column":0},"end":{"line":337,"column":62}},"337":{"start":{"line":338,"column":0},"end":{"line":338,"column":8}},"338":{"start":{"line":339,"column":0},"end":{"line":339,"column":20}},"340":{"start":{"line":341,"column":0},"end":{"line":341,"column":9}},"341":{"start":{"line":342,"column":0},"end":{"line":342,"column":9}},"343":{"start":{"line":344,"column":0},"end":{"line":344,"column":43}},"345":{"start":{"line":346,"column":0},"end":{"line":346,"column":19}},"346":{"start":{"line":347,"column":0},"end":{"line":347,"column":67}},"347":{"start":{"line":348,"column":0},"end":{"line":348,"column":33}},"349":{"start":{"line":350,"column":0},"end":{"line":350,"column":72}},"350":{"start":{"line":351,"column":0},"end":{"line":351,"column":23}},"351":{"start":{"line":352,"column":0},"end":{"line":352,"column":19}},"352":{"start":{"line":353,"column":0},"end":{"line":353,"column":44}},"353":{"start":{"line":354,"column":0},"end":{"line":354,"column":26}},"354":{"start":{"line":355,"column":0},"end":{"line":355,"column":9}},"355":{"start":{"line":356,"column":0},"end":{"line":356,"column":39}},"356":{"start":{"line":357,"column":0},"end":{"line":357,"column":15}},"357":{"start":{"line":358,"column":0},"end":{"line":358,"column":98}},"358":{"start":{"line":359,"column":0},"end":{"line":359,"column":9}},"359":{"start":{"line":360,"column":0},"end":{"line":360,"column":20}},"360":{"start":{"line":361,"column":0},"end":{"line":361,"column":38}},"361":{"start":{"line":362,"column":0},"end":{"line":362,"column":64}},"362":{"start":{"line":363,"column":0},"end":{"line":363,"column":26}},"363":{"start":{"line":364,"column":0},"end":{"line":364,"column":16}},"364":{"start":{"line":365,"column":0},"end":{"line":365,"column":19}},"365":{"start":{"line":366,"column":0},"end":{"line":366,"column":14}},"366":{"start":{"line":367,"column":0},"end":{"line":367,"column":23}},"367":{"start":{"line":368,"column":0},"end":{"line":368,"column":27}},"368":{"start":{"line":369,"column":0},"end":{"line":369,"column":54}},"369":{"start":{"line":370,"column":0},"end":{"line":370,"column":9}},"370":{"start":{"line":371,"column":0},"end":{"line":371,"column":10}},"371":{"start":{"line":372,"column":0},"end":{"line":372,"column":26}},"372":{"start":{"line":373,"column":0},"end":{"line":373,"column":28}},"373":{"start":{"line":374,"column":0},"end":{"line":374,"column":28}},"374":{"start":{"line":375,"column":0},"end":{"line":375,"column":50}},"375":{"start":{"line":376,"column":0},"end":{"line":376,"column":15}},"376":{"start":{"line":377,"column":0},"end":{"line":377,"column":29}},"377":{"start":{"line":378,"column":0},"end":{"line":378,"column":5}},"378":{"start":{"line":379,"column":0},"end":{"line":379,"column":4}},"380":{"start":{"line":381,"column":0},"end":{"line":381,"column":49}},"381":{"start":{"line":382,"column":0},"end":{"line":382,"column":19}},"382":{"start":{"line":383,"column":0},"end":{"line":383,"column":9}},"383":{"start":{"line":384,"column":0},"end":{"line":384,"column":29}},"384":{"start":{"line":385,"column":0},"end":{"line":385,"column":44}},"385":{"start":{"line":386,"column":0},"end":{"line":386,"column":59}},"386":{"start":{"line":387,"column":0},"end":{"line":387,"column":28}},"387":{"start":{"line":388,"column":0},"end":{"line":388,"column":28}},"388":{"start":{"line":389,"column":0},"end":{"line":389,"column":5}},"389":{"start":{"line":390,"column":0},"end":{"line":390,"column":4}},"391":{"start":{"line":392,"column":0},"end":{"line":392,"column":72}},"392":{"start":{"line":393,"column":0},"end":{"line":393,"column":19}},"393":{"start":{"line":394,"column":0},"end":{"line":394,"column":9}},"394":{"start":{"line":395,"column":0},"end":{"line":395,"column":19}},"395":{"start":{"line":396,"column":0},"end":{"line":396,"column":31}},"396":{"start":{"line":397,"column":0},"end":{"line":397,"column":14}},"397":{"start":{"line":398,"column":0},"end":{"line":398,"column":29}},"398":{"start":{"line":399,"column":0},"end":{"line":399,"column":7}},"399":{"start":{"line":400,"column":0},"end":{"line":400,"column":44}},"400":{"start":{"line":401,"column":0},"end":{"line":401,"column":59}},"401":{"start":{"line":402,"column":0},"end":{"line":402,"column":28}},"402":{"start":{"line":403,"column":0},"end":{"line":403,"column":28}},"403":{"start":{"line":404,"column":0},"end":{"line":404,"column":5}},"404":{"start":{"line":405,"column":0},"end":{"line":405,"column":4}},"406":{"start":{"line":407,"column":0},"end":{"line":407,"column":38}},"407":{"start":{"line":408,"column":0},"end":{"line":408,"column":32}},"408":{"start":{"line":409,"column":0},"end":{"line":409,"column":28}},"409":{"start":{"line":410,"column":0},"end":{"line":410,"column":45}},"410":{"start":{"line":411,"column":0},"end":{"line":411,"column":15}},"411":{"start":{"line":412,"column":0},"end":{"line":412,"column":7}},"412":{"start":{"line":413,"column":0},"end":{"line":413,"column":75}},"413":{"start":{"line":414,"column":0},"end":{"line":414,"column":53}},"414":{"start":{"line":415,"column":0},"end":{"line":415,"column":33}},"415":{"start":{"line":416,"column":0},"end":{"line":416,"column":57}},"416":{"start":{"line":417,"column":0},"end":{"line":417,"column":21}},"417":{"start":{"line":418,"column":0},"end":{"line":418,"column":11}},"418":{"start":{"line":419,"column":0},"end":{"line":419,"column":62}},"419":{"start":{"line":420,"column":0},"end":{"line":420,"column":34}},"420":{"start":{"line":421,"column":0},"end":{"line":421,"column":100}},"421":{"start":{"line":422,"column":0},"end":{"line":422,"column":11}},"422":{"start":{"line":423,"column":0},"end":{"line":423,"column":48}},"423":{"start":{"line":424,"column":0},"end":{"line":424,"column":39}},"424":{"start":{"line":425,"column":0},"end":{"line":425,"column":40}},"425":{"start":{"line":426,"column":0},"end":{"line":426,"column":80}},"426":{"start":{"line":427,"column":0},"end":{"line":427,"column":81}},"427":{"start":{"line":428,"column":0},"end":{"line":428,"column":28}},"428":{"start":{"line":429,"column":0},"end":{"line":429,"column":18}},"429":{"start":{"line":430,"column":0},"end":{"line":430,"column":30}},"430":{"start":{"line":431,"column":0},"end":{"line":431,"column":30}},"431":{"start":{"line":432,"column":0},"end":{"line":432,"column":25}},"432":{"start":{"line":433,"column":0},"end":{"line":433,"column":29}},"433":{"start":{"line":434,"column":0},"end":{"line":434,"column":56}},"434":{"start":{"line":435,"column":0},"end":{"line":435,"column":11}},"435":{"start":{"line":436,"column":0},"end":{"line":436,"column":12}},"436":{"start":{"line":437,"column":0},"end":{"line":437,"column":28}},"437":{"start":{"line":438,"column":0},"end":{"line":438,"column":30}},"438":{"start":{"line":439,"column":0},"end":{"line":439,"column":30}},"439":{"start":{"line":440,"column":0},"end":{"line":440,"column":51}},"440":{"start":{"line":441,"column":0},"end":{"line":441,"column":17}},"441":{"start":{"line":442,"column":0},"end":{"line":442,"column":36}},"442":{"start":{"line":443,"column":0},"end":{"line":443,"column":7}},"443":{"start":{"line":444,"column":0},"end":{"line":444,"column":6}},"444":{"start":{"line":445,"column":0},"end":{"line":445,"column":17}},"445":{"start":{"line":446,"column":0},"end":{"line":446,"column":4}},"447":{"start":{"line":448,"column":0},"end":{"line":448,"column":49}},"448":{"start":{"line":449,"column":0},"end":{"line":449,"column":35}},"449":{"start":{"line":450,"column":0},"end":{"line":450,"column":13}},"450":{"start":{"line":451,"column":0},"end":{"line":451,"column":5}},"451":{"start":{"line":452,"column":0},"end":{"line":452,"column":37}},"452":{"start":{"line":453,"column":0},"end":{"line":453,"column":19}},"453":{"start":{"line":454,"column":0},"end":{"line":454,"column":9}},"454":{"start":{"line":455,"column":0},"end":{"line":455,"column":59}},"455":{"start":{"line":456,"column":0},"end":{"line":456,"column":32}},"456":{"start":{"line":457,"column":0},"end":{"line":457,"column":34}},"457":{"start":{"line":458,"column":0},"end":{"line":458,"column":44}},"458":{"start":{"line":459,"column":0},"end":{"line":459,"column":28}},"459":{"start":{"line":460,"column":0},"end":{"line":460,"column":9}},"460":{"start":{"line":461,"column":0},"end":{"line":461,"column":53}},"461":{"start":{"line":462,"column":0},"end":{"line":462,"column":43}},"462":{"start":{"line":463,"column":0},"end":{"line":463,"column":67}},"463":{"start":{"line":464,"column":0},"end":{"line":464,"column":34}},"464":{"start":{"line":465,"column":0},"end":{"line":465,"column":36}},"465":{"start":{"line":466,"column":0},"end":{"line":466,"column":36}},"466":{"start":{"line":467,"column":0},"end":{"line":467,"column":43}},"467":{"start":{"line":468,"column":0},"end":{"line":468,"column":44}},"468":{"start":{"line":469,"column":0},"end":{"line":469,"column":44}},"469":{"start":{"line":470,"column":0},"end":{"line":470,"column":50}},"470":{"start":{"line":471,"column":0},"end":{"line":471,"column":8}},"471":{"start":{"line":472,"column":0},"end":{"line":472,"column":74}},"472":{"start":{"line":473,"column":0},"end":{"line":473,"column":28}},"473":{"start":{"line":474,"column":0},"end":{"line":474,"column":28}},"474":{"start":{"line":475,"column":0},"end":{"line":475,"column":15}},"475":{"start":{"line":476,"column":0},"end":{"line":476,"column":40}},"476":{"start":{"line":477,"column":0},"end":{"line":477,"column":5}},"477":{"start":{"line":478,"column":0},"end":{"line":478,"column":4}},"479":{"start":{"line":480,"column":0},"end":{"line":480,"column":61}},"480":{"start":{"line":481,"column":0},"end":{"line":481,"column":27}},"481":{"start":{"line":482,"column":0},"end":{"line":482,"column":9}},"482":{"start":{"line":483,"column":0},"end":{"line":483,"column":13}},"483":{"start":{"line":484,"column":0},"end":{"line":484,"column":55}},"484":{"start":{"line":485,"column":0},"end":{"line":485,"column":111}},"485":{"start":{"line":486,"column":0},"end":{"line":486,"column":13}},"486":{"start":{"line":487,"column":0},"end":{"line":487,"column":4}},"487":{"start":{"line":488,"column":0},"end":{"line":488,"column":39}},"488":{"start":{"line":489,"column":0},"end":{"line":489,"column":9}},"489":{"start":{"line":490,"column":0},"end":{"line":490,"column":18}},"490":{"start":{"line":491,"column":0},"end":{"line":491,"column":58}},"491":{"start":{"line":492,"column":0},"end":{"line":492,"column":84}},"492":{"start":{"line":493,"column":0},"end":{"line":493,"column":23}},"493":{"start":{"line":494,"column":0},"end":{"line":494,"column":13}},"494":{"start":{"line":495,"column":0},"end":{"line":495,"column":4}},"495":{"start":{"line":496,"column":0},"end":{"line":496,"column":19}},"496":{"start":{"line":497,"column":0},"end":{"line":497,"column":45}},"497":{"start":{"line":498,"column":0},"end":{"line":498,"column":102}},"498":{"start":{"line":499,"column":0},"end":{"line":499,"column":6}},"499":{"start":{"line":500,"column":0},"end":{"line":500,"column":29}},"500":{"start":{"line":501,"column":0},"end":{"line":501,"column":55}},"501":{"start":{"line":502,"column":0},"end":{"line":502,"column":19}},"502":{"start":{"line":503,"column":0},"end":{"line":503,"column":26}},"503":{"start":{"line":504,"column":0},"end":{"line":504,"column":68}},"504":{"start":{"line":505,"column":0},"end":{"line":505,"column":13}},"505":{"start":{"line":506,"column":0},"end":{"line":506,"column":5}},"506":{"start":{"line":507,"column":0},"end":{"line":507,"column":43}},"507":{"start":{"line":508,"column":0},"end":{"line":508,"column":13}},"508":{"start":{"line":509,"column":0},"end":{"line":509,"column":5}},"509":{"start":{"line":510,"column":0},"end":{"line":510,"column":9}},"510":{"start":{"line":511,"column":0},"end":{"line":511,"column":80}},"511":{"start":{"line":512,"column":0},"end":{"line":512,"column":49}},"512":{"start":{"line":513,"column":0},"end":{"line":513,"column":37}},"513":{"start":{"line":514,"column":0},"end":{"line":514,"column":56}},"514":{"start":{"line":515,"column":0},"end":{"line":515,"column":34}},"515":{"start":{"line":516,"column":0},"end":{"line":516,"column":53}},"516":{"start":{"line":517,"column":0},"end":{"line":517,"column":9}},"517":{"start":{"line":518,"column":0},"end":{"line":518,"column":8}},"518":{"start":{"line":519,"column":0},"end":{"line":519,"column":31}},"519":{"start":{"line":520,"column":0},"end":{"line":520,"column":107}},"520":{"start":{"line":521,"column":0},"end":{"line":521,"column":60}},"521":{"start":{"line":522,"column":0},"end":{"line":522,"column":40}},"522":{"start":{"line":523,"column":0},"end":{"line":523,"column":8}},"523":{"start":{"line":524,"column":0},"end":{"line":524,"column":23}},"524":{"start":{"line":525,"column":0},"end":{"line":525,"column":42}},"525":{"start":{"line":526,"column":0},"end":{"line":526,"column":27}},"526":{"start":{"line":527,"column":0},"end":{"line":527,"column":98}},"527":{"start":{"line":528,"column":0},"end":{"line":528,"column":13}},"528":{"start":{"line":529,"column":0},"end":{"line":529,"column":56}},"529":{"start":{"line":530,"column":0},"end":{"line":530,"column":28}},"530":{"start":{"line":531,"column":0},"end":{"line":531,"column":5}},"531":{"start":{"line":532,"column":0},"end":{"line":532,"column":72}},"533":{"start":{"line":534,"column":0},"end":{"line":534,"column":48}},"534":{"start":{"line":535,"column":0},"end":{"line":535,"column":23}},"535":{"start":{"line":536,"column":0},"end":{"line":536,"column":13}},"536":{"start":{"line":537,"column":0},"end":{"line":537,"column":5}},"537":{"start":{"line":538,"column":0},"end":{"line":538,"column":37}},"538":{"start":{"line":539,"column":0},"end":{"line":539,"column":26}},"539":{"start":{"line":540,"column":0},"end":{"line":540,"column":20}},"541":{"start":{"line":542,"column":0},"end":{"line":542,"column":40}},"542":{"start":{"line":543,"column":0},"end":{"line":543,"column":22}},"543":{"start":{"line":544,"column":0},"end":{"line":544,"column":27}},"544":{"start":{"line":545,"column":0},"end":{"line":545,"column":13}},"545":{"start":{"line":546,"column":0},"end":{"line":546,"column":5}},"546":{"start":{"line":547,"column":0},"end":{"line":547,"column":32}},"547":{"start":{"line":548,"column":0},"end":{"line":548,"column":4}},"549":{"start":{"line":550,"column":0},"end":{"line":550,"column":19}},"550":{"start":{"line":551,"column":0},"end":{"line":551,"column":49}},"551":{"start":{"line":552,"column":0},"end":{"line":552,"column":43}},"552":{"start":{"line":553,"column":0},"end":{"line":553,"column":15}},"553":{"start":{"line":554,"column":0},"end":{"line":554,"column":7}},"554":{"start":{"line":555,"column":0},"end":{"line":555,"column":68}},"555":{"start":{"line":556,"column":0},"end":{"line":556,"column":30}},"556":{"start":{"line":557,"column":0},"end":{"line":557,"column":94}},"557":{"start":{"line":558,"column":0},"end":{"line":558,"column":25}},"558":{"start":{"line":559,"column":0},"end":{"line":559,"column":31}},"559":{"start":{"line":560,"column":0},"end":{"line":560,"column":43}},"560":{"start":{"line":561,"column":0},"end":{"line":561,"column":45}},"561":{"start":{"line":562,"column":0},"end":{"line":562,"column":37}},"562":{"start":{"line":563,"column":0},"end":{"line":563,"column":9}},"563":{"start":{"line":564,"column":0},"end":{"line":564,"column":15}},"564":{"start":{"line":565,"column":0},"end":{"line":565,"column":7}},"565":{"start":{"line":566,"column":0},"end":{"line":566,"column":29}},"566":{"start":{"line":567,"column":0},"end":{"line":567,"column":31}},"567":{"start":{"line":568,"column":0},"end":{"line":568,"column":26}},"568":{"start":{"line":569,"column":0},"end":{"line":569,"column":31}},"569":{"start":{"line":570,"column":0},"end":{"line":570,"column":16}},"570":{"start":{"line":571,"column":0},"end":{"line":571,"column":37}},"571":{"start":{"line":572,"column":0},"end":{"line":572,"column":9}},"572":{"start":{"line":573,"column":0},"end":{"line":573,"column":7}},"573":{"start":{"line":574,"column":0},"end":{"line":574,"column":6}},"574":{"start":{"line":575,"column":0},"end":{"line":575,"column":47}},"575":{"start":{"line":576,"column":0},"end":{"line":576,"column":88}},"576":{"start":{"line":577,"column":0},"end":{"line":577,"column":33}},"577":{"start":{"line":578,"column":0},"end":{"line":578,"column":15}},"578":{"start":{"line":579,"column":0},"end":{"line":579,"column":7}},"579":{"start":{"line":580,"column":0},"end":{"line":580,"column":29}},"580":{"start":{"line":581,"column":0},"end":{"line":581,"column":42}},"581":{"start":{"line":582,"column":0},"end":{"line":582,"column":27}},"582":{"start":{"line":583,"column":0},"end":{"line":583,"column":6}},"584":{"start":{"line":585,"column":0},"end":{"line":585,"column":50}},"585":{"start":{"line":586,"column":0},"end":{"line":586,"column":46}},"586":{"start":{"line":587,"column":0},"end":{"line":587,"column":18}},"587":{"start":{"line":588,"column":0},"end":{"line":588,"column":55}},"588":{"start":{"line":589,"column":0},"end":{"line":589,"column":51}},"589":{"start":{"line":590,"column":0},"end":{"line":590,"column":6}},"590":{"start":{"line":591,"column":0},"end":{"line":591,"column":61}},"592":{"start":{"line":593,"column":0},"end":{"line":593,"column":19}},"593":{"start":{"line":594,"column":0},"end":{"line":594,"column":18}},"594":{"start":{"line":595,"column":0},"end":{"line":595,"column":24}},"595":{"start":{"line":596,"column":0},"end":{"line":596,"column":41}},"596":{"start":{"line":597,"column":0},"end":{"line":597,"column":7}},"597":{"start":{"line":598,"column":0},"end":{"line":598,"column":6}},"598":{"start":{"line":599,"column":0},"end":{"line":599,"column":20}},"600":{"start":{"line":601,"column":0},"end":{"line":601,"column":65}},"601":{"start":{"line":602,"column":0},"end":{"line":602,"column":64}},"602":{"start":{"line":603,"column":0},"end":{"line":603,"column":32}},"603":{"start":{"line":604,"column":0},"end":{"line":604,"column":13}},"604":{"start":{"line":605,"column":0},"end":{"line":605,"column":5}},"605":{"start":{"line":606,"column":0},"end":{"line":606,"column":59}},"606":{"start":{"line":607,"column":0},"end":{"line":607,"column":59}},"607":{"start":{"line":608,"column":0},"end":{"line":608,"column":52}},"608":{"start":{"line":609,"column":0},"end":{"line":609,"column":45}},"609":{"start":{"line":610,"column":0},"end":{"line":610,"column":32}},"610":{"start":{"line":611,"column":0},"end":{"line":611,"column":13}},"611":{"start":{"line":612,"column":0},"end":{"line":612,"column":5}},"612":{"start":{"line":613,"column":0},"end":{"line":613,"column":36}},"613":{"start":{"line":614,"column":0},"end":{"line":614,"column":49}},"614":{"start":{"line":615,"column":0},"end":{"line":615,"column":38}},"616":{"start":{"line":617,"column":0},"end":{"line":617,"column":48}},"617":{"start":{"line":618,"column":0},"end":{"line":618,"column":9}},"618":{"start":{"line":619,"column":0},"end":{"line":619,"column":94}},"619":{"start":{"line":620,"column":0},"end":{"line":620,"column":26}},"620":{"start":{"line":621,"column":0},"end":{"line":621,"column":47}},"621":{"start":{"line":622,"column":0},"end":{"line":622,"column":28}},"622":{"start":{"line":623,"column":0},"end":{"line":623,"column":28}},"623":{"start":{"line":624,"column":0},"end":{"line":624,"column":56}},"624":{"start":{"line":625,"column":0},"end":{"line":625,"column":15}},"625":{"start":{"line":626,"column":0},"end":{"line":626,"column":32}},"626":{"start":{"line":627,"column":0},"end":{"line":627,"column":5}},"627":{"start":{"line":628,"column":0},"end":{"line":628,"column":4}},"629":{"start":{"line":630,"column":0},"end":{"line":630,"column":30}},"630":{"start":{"line":631,"column":0},"end":{"line":631,"column":63}},"631":{"start":{"line":632,"column":0},"end":{"line":632,"column":25}},"632":{"start":{"line":633,"column":0},"end":{"line":633,"column":4}},"633":{"start":{"line":634,"column":0},"end":{"line":634,"column":37}},"634":{"start":{"line":635,"column":0},"end":{"line":635,"column":70}},"635":{"start":{"line":636,"column":0},"end":{"line":636,"column":36}},"636":{"start":{"line":637,"column":0},"end":{"line":637,"column":4}},"637":{"start":{"line":638,"column":0},"end":{"line":638,"column":42}},"638":{"start":{"line":639,"column":0},"end":{"line":639,"column":80}},"639":{"start":{"line":640,"column":0},"end":{"line":640,"column":46}},"640":{"start":{"line":641,"column":0},"end":{"line":641,"column":4}},"641":{"start":{"line":642,"column":0},"end":{"line":642,"column":66}},"642":{"start":{"line":643,"column":0},"end":{"line":643,"column":100}},"643":{"start":{"line":644,"column":0},"end":{"line":644,"column":107}},"644":{"start":{"line":645,"column":0},"end":{"line":645,"column":19}},"645":{"start":{"line":646,"column":0},"end":{"line":646,"column":32}},"646":{"start":{"line":647,"column":0},"end":{"line":647,"column":30}},"647":{"start":{"line":648,"column":0},"end":{"line":648,"column":73}},"648":{"start":{"line":649,"column":0},"end":{"line":649,"column":71}},"649":{"start":{"line":650,"column":0},"end":{"line":650,"column":75}},"650":{"start":{"line":651,"column":0},"end":{"line":651,"column":22}},"651":{"start":{"line":652,"column":0},"end":{"line":652,"column":35}},"652":{"start":{"line":653,"column":0},"end":{"line":653,"column":37}},"653":{"start":{"line":654,"column":0},"end":{"line":654,"column":139}},"654":{"start":{"line":655,"column":0},"end":{"line":655,"column":19}},"655":{"start":{"line":656,"column":0},"end":{"line":656,"column":31}},"656":{"start":{"line":657,"column":0},"end":{"line":657,"column":13}},"657":{"start":{"line":658,"column":0},"end":{"line":658,"column":5}},"658":{"start":{"line":659,"column":0},"end":{"line":659,"column":46}},"659":{"start":{"line":660,"column":0},"end":{"line":660,"column":26}},"660":{"start":{"line":661,"column":0},"end":{"line":661,"column":87}},"661":{"start":{"line":662,"column":0},"end":{"line":662,"column":8}},"662":{"start":{"line":663,"column":0},"end":{"line":663,"column":20}},"664":{"start":{"line":665,"column":0},"end":{"line":665,"column":9}},"665":{"start":{"line":666,"column":0},"end":{"line":666,"column":49}},"666":{"start":{"line":667,"column":0},"end":{"line":667,"column":26}},"667":{"start":{"line":668,"column":0},"end":{"line":668,"column":102}},"668":{"start":{"line":669,"column":0},"end":{"line":669,"column":8}},"669":{"start":{"line":670,"column":0},"end":{"line":670,"column":20}},"671":{"start":{"line":672,"column":0},"end":{"line":672,"column":9}},"672":{"start":{"line":673,"column":0},"end":{"line":673,"column":28}},"673":{"start":{"line":674,"column":0},"end":{"line":674,"column":19}},"674":{"start":{"line":675,"column":0},"end":{"line":675,"column":49}},"675":{"start":{"line":676,"column":0},"end":{"line":676,"column":19}},"676":{"start":{"line":677,"column":0},"end":{"line":677,"column":23}},"677":{"start":{"line":678,"column":0},"end":{"line":678,"column":41}},"678":{"start":{"line":679,"column":0},"end":{"line":679,"column":5}},"679":{"start":{"line":680,"column":0},"end":{"line":680,"column":34}},"680":{"start":{"line":681,"column":0},"end":{"line":681,"column":49}},"681":{"start":{"line":682,"column":0},"end":{"line":682,"column":13}},"682":{"start":{"line":683,"column":0},"end":{"line":683,"column":5}},"683":{"start":{"line":684,"column":0},"end":{"line":684,"column":63}},"684":{"start":{"line":685,"column":0},"end":{"line":685,"column":41}},"685":{"start":{"line":686,"column":0},"end":{"line":686,"column":55}},"686":{"start":{"line":687,"column":0},"end":{"line":687,"column":57}},"687":{"start":{"line":688,"column":0},"end":{"line":688,"column":57}},"688":{"start":{"line":689,"column":0},"end":{"line":689,"column":35}},"689":{"start":{"line":690,"column":0},"end":{"line":690,"column":11}},"690":{"start":{"line":691,"column":0},"end":{"line":691,"column":80}},"691":{"start":{"line":692,"column":0},"end":{"line":692,"column":61}},"692":{"start":{"line":693,"column":0},"end":{"line":693,"column":30}},"693":{"start":{"line":694,"column":0},"end":{"line":694,"column":36}},"694":{"start":{"line":695,"column":0},"end":{"line":695,"column":11}},"695":{"start":{"line":696,"column":0},"end":{"line":696,"column":17}},"696":{"start":{"line":697,"column":0},"end":{"line":697,"column":9}},"697":{"start":{"line":698,"column":0},"end":{"line":698,"column":45}},"698":{"start":{"line":699,"column":0},"end":{"line":699,"column":69}},"699":{"start":{"line":700,"column":0},"end":{"line":700,"column":35}},"700":{"start":{"line":701,"column":0},"end":{"line":701,"column":39}},"701":{"start":{"line":702,"column":0},"end":{"line":702,"column":39}},"702":{"start":{"line":703,"column":0},"end":{"line":703,"column":46}},"703":{"start":{"line":704,"column":0},"end":{"line":704,"column":26}},"704":{"start":{"line":705,"column":0},"end":{"line":705,"column":46}},"705":{"start":{"line":706,"column":0},"end":{"line":706,"column":73}},"706":{"start":{"line":707,"column":0},"end":{"line":707,"column":10}},"707":{"start":{"line":708,"column":0},"end":{"line":708,"column":42}},"708":{"start":{"line":709,"column":0},"end":{"line":709,"column":18}},"709":{"start":{"line":710,"column":0},"end":{"line":710,"column":49}},"710":{"start":{"line":711,"column":0},"end":{"line":711,"column":12}},"711":{"start":{"line":712,"column":0},"end":{"line":712,"column":49}},"712":{"start":{"line":713,"column":0},"end":{"line":713,"column":18}},"713":{"start":{"line":714,"column":0},"end":{"line":714,"column":78}},"714":{"start":{"line":715,"column":0},"end":{"line":715,"column":12}},"715":{"start":{"line":716,"column":0},"end":{"line":716,"column":15}},"717":{"start":{"line":718,"column":0},"end":{"line":718,"column":17}},"718":{"start":{"line":719,"column":0},"end":{"line":719,"column":38}},"719":{"start":{"line":720,"column":0},"end":{"line":720,"column":7}},"720":{"start":{"line":721,"column":0},"end":{"line":721,"column":6}},"721":{"start":{"line":722,"column":0},"end":{"line":722,"column":18}},"722":{"start":{"line":723,"column":0},"end":{"line":723,"column":21}},"723":{"start":{"line":724,"column":0},"end":{"line":724,"column":51}},"724":{"start":{"line":725,"column":0},"end":{"line":725,"column":43}},"725":{"start":{"line":726,"column":0},"end":{"line":726,"column":7}},"726":{"start":{"line":727,"column":0},"end":{"line":727,"column":6}},"727":{"start":{"line":728,"column":0},"end":{"line":728,"column":43}},"728":{"start":{"line":729,"column":0},"end":{"line":729,"column":19}},"729":{"start":{"line":730,"column":0},"end":{"line":730,"column":55}},"730":{"start":{"line":731,"column":0},"end":{"line":731,"column":17}},"731":{"start":{"line":732,"column":0},"end":{"line":732,"column":45}},"732":{"start":{"line":733,"column":0},"end":{"line":733,"column":5}},"733":{"start":{"line":734,"column":0},"end":{"line":734,"column":33}},"734":{"start":{"line":735,"column":0},"end":{"line":735,"column":19}},"735":{"start":{"line":736,"column":0},"end":{"line":736,"column":51}},"736":{"start":{"line":737,"column":0},"end":{"line":737,"column":17}},"737":{"start":{"line":738,"column":0},"end":{"line":738,"column":45}},"738":{"start":{"line":739,"column":0},"end":{"line":739,"column":5}},"739":{"start":{"line":740,"column":0},"end":{"line":740,"column":32}},"740":{"start":{"line":741,"column":0},"end":{"line":741,"column":19}},"741":{"start":{"line":742,"column":0},"end":{"line":742,"column":47}},"742":{"start":{"line":743,"column":0},"end":{"line":743,"column":17}},"743":{"start":{"line":744,"column":0},"end":{"line":744,"column":45}},"744":{"start":{"line":745,"column":0},"end":{"line":745,"column":5}},"745":{"start":{"line":746,"column":0},"end":{"line":746,"column":27}},"746":{"start":{"line":747,"column":0},"end":{"line":747,"column":41}},"747":{"start":{"line":748,"column":0},"end":{"line":748,"column":63}},"748":{"start":{"line":749,"column":0},"end":{"line":749,"column":47}},"749":{"start":{"line":750,"column":0},"end":{"line":750,"column":12}},"750":{"start":{"line":751,"column":0},"end":{"line":751,"column":37}},"751":{"start":{"line":752,"column":0},"end":{"line":752,"column":45}},"752":{"start":{"line":753,"column":0},"end":{"line":753,"column":39}},"753":{"start":{"line":754,"column":0},"end":{"line":754,"column":8}},"755":{"start":{"line":756,"column":0},"end":{"line":756,"column":72}},"756":{"start":{"line":757,"column":0},"end":{"line":757,"column":85}},"757":{"start":{"line":758,"column":0},"end":{"line":758,"column":52}},"758":{"start":{"line":759,"column":0},"end":{"line":759,"column":25}},"759":{"start":{"line":760,"column":0},"end":{"line":760,"column":13}},"760":{"start":{"line":761,"column":0},"end":{"line":761,"column":5}},"761":{"start":{"line":762,"column":0},"end":{"line":762,"column":67}},"762":{"start":{"line":763,"column":0},"end":{"line":763,"column":31}},"763":{"start":{"line":764,"column":0},"end":{"line":764,"column":13}},"764":{"start":{"line":765,"column":0},"end":{"line":765,"column":5}},"765":{"start":{"line":766,"column":0},"end":{"line":766,"column":33}},"766":{"start":{"line":767,"column":0},"end":{"line":767,"column":19}},"767":{"start":{"line":768,"column":0},"end":{"line":768,"column":47}},"768":{"start":{"line":769,"column":0},"end":{"line":769,"column":72}},"769":{"start":{"line":770,"column":0},"end":{"line":770,"column":18}},"770":{"start":{"line":771,"column":0},"end":{"line":771,"column":24}},"771":{"start":{"line":772,"column":0},"end":{"line":772,"column":32}},"772":{"start":{"line":773,"column":0},"end":{"line":773,"column":41}},"773":{"start":{"line":774,"column":0},"end":{"line":774,"column":10}},"774":{"start":{"line":775,"column":0},"end":{"line":775,"column":8}},"775":{"start":{"line":776,"column":0},"end":{"line":776,"column":13}},"776":{"start":{"line":777,"column":0},"end":{"line":777,"column":5}},"777":{"start":{"line":778,"column":0},"end":{"line":778,"column":9}},"778":{"start":{"line":779,"column":0},"end":{"line":779,"column":61}},"779":{"start":{"line":780,"column":0},"end":{"line":780,"column":34}},"780":{"start":{"line":781,"column":0},"end":{"line":781,"column":30}},"781":{"start":{"line":782,"column":0},"end":{"line":782,"column":40}},"782":{"start":{"line":783,"column":0},"end":{"line":783,"column":28}},"783":{"start":{"line":784,"column":0},"end":{"line":784,"column":9}},"784":{"start":{"line":785,"column":0},"end":{"line":785,"column":36}},"785":{"start":{"line":786,"column":0},"end":{"line":786,"column":40}},"786":{"start":{"line":787,"column":0},"end":{"line":787,"column":16}},"787":{"start":{"line":788,"column":0},"end":{"line":788,"column":49}},"788":{"start":{"line":789,"column":0},"end":{"line":789,"column":10}},"789":{"start":{"line":790,"column":0},"end":{"line":790,"column":43}},"790":{"start":{"line":791,"column":0},"end":{"line":791,"column":67}},"791":{"start":{"line":792,"column":0},"end":{"line":792,"column":30}},"792":{"start":{"line":793,"column":0},"end":{"line":793,"column":36}},"793":{"start":{"line":794,"column":0},"end":{"line":794,"column":36}},"794":{"start":{"line":795,"column":0},"end":{"line":795,"column":43}},"795":{"start":{"line":796,"column":0},"end":{"line":796,"column":44}},"796":{"start":{"line":797,"column":0},"end":{"line":797,"column":44}},"797":{"start":{"line":798,"column":0},"end":{"line":798,"column":50}},"798":{"start":{"line":799,"column":0},"end":{"line":799,"column":8}},"799":{"start":{"line":800,"column":0},"end":{"line":800,"column":47}},"800":{"start":{"line":801,"column":0},"end":{"line":801,"column":16}},"801":{"start":{"line":802,"column":0},"end":{"line":802,"column":76}},"802":{"start":{"line":803,"column":0},"end":{"line":803,"column":10}},"803":{"start":{"line":804,"column":0},"end":{"line":804,"column":28}},"804":{"start":{"line":805,"column":0},"end":{"line":805,"column":28}},"805":{"start":{"line":806,"column":0},"end":{"line":806,"column":15}},"806":{"start":{"line":807,"column":0},"end":{"line":807,"column":36}},"807":{"start":{"line":808,"column":0},"end":{"line":808,"column":5}},"808":{"start":{"line":809,"column":0},"end":{"line":809,"column":4}},"810":{"start":{"line":811,"column":0},"end":{"line":811,"column":79}},"811":{"start":{"line":812,"column":0},"end":{"line":812,"column":31}},"812":{"start":{"line":813,"column":0},"end":{"line":813,"column":13}},"813":{"start":{"line":814,"column":0},"end":{"line":814,"column":5}},"814":{"start":{"line":815,"column":0},"end":{"line":815,"column":9}},"815":{"start":{"line":816,"column":0},"end":{"line":816,"column":21}},"816":{"start":{"line":817,"column":0},"end":{"line":817,"column":26}},"817":{"start":{"line":818,"column":0},"end":{"line":818,"column":60}},"818":{"start":{"line":819,"column":0},"end":{"line":819,"column":29}},"819":{"start":{"line":820,"column":0},"end":{"line":820,"column":61}},"820":{"start":{"line":821,"column":0},"end":{"line":821,"column":65}},"821":{"start":{"line":822,"column":0},"end":{"line":822,"column":85}},"822":{"start":{"line":823,"column":0},"end":{"line":823,"column":66}},"823":{"start":{"line":824,"column":0},"end":{"line":824,"column":97}},"824":{"start":{"line":825,"column":0},"end":{"line":825,"column":28}},"825":{"start":{"line":826,"column":0},"end":{"line":826,"column":28}},"826":{"start":{"line":827,"column":0},"end":{"line":827,"column":5}},"827":{"start":{"line":828,"column":0},"end":{"line":828,"column":4}},"829":{"start":{"line":830,"column":0},"end":{"line":830,"column":53}},"830":{"start":{"line":831,"column":0},"end":{"line":831,"column":25}},"831":{"start":{"line":832,"column":0},"end":{"line":832,"column":13}},"832":{"start":{"line":833,"column":0},"end":{"line":833,"column":5}},"833":{"start":{"line":834,"column":0},"end":{"line":834,"column":38}},"834":{"start":{"line":835,"column":0},"end":{"line":835,"column":53}},"835":{"start":{"line":836,"column":0},"end":{"line":836,"column":13}},"836":{"start":{"line":837,"column":0},"end":{"line":837,"column":5}},"837":{"start":{"line":838,"column":0},"end":{"line":838,"column":9}},"838":{"start":{"line":839,"column":0},"end":{"line":839,"column":54}},"839":{"start":{"line":840,"column":0},"end":{"line":840,"column":50}},"840":{"start":{"line":841,"column":0},"end":{"line":841,"column":61}},"841":{"start":{"line":842,"column":0},"end":{"line":842,"column":70}},"842":{"start":{"line":843,"column":0},"end":{"line":843,"column":9}},"843":{"start":{"line":844,"column":0},"end":{"line":844,"column":52}},"844":{"start":{"line":845,"column":0},"end":{"line":845,"column":67}},"845":{"start":{"line":846,"column":0},"end":{"line":846,"column":28}},"846":{"start":{"line":847,"column":0},"end":{"line":847,"column":28}},"847":{"start":{"line":848,"column":0},"end":{"line":848,"column":5}},"848":{"start":{"line":849,"column":0},"end":{"line":849,"column":4}},"850":{"start":{"line":851,"column":0},"end":{"line":851,"column":76}},"851":{"start":{"line":852,"column":0},"end":{"line":852,"column":25}},"852":{"start":{"line":853,"column":0},"end":{"line":853,"column":13}},"853":{"start":{"line":854,"column":0},"end":{"line":854,"column":5}},"854":{"start":{"line":855,"column":0},"end":{"line":855,"column":37}},"855":{"start":{"line":856,"column":0},"end":{"line":856,"column":9}},"856":{"start":{"line":857,"column":0},"end":{"line":857,"column":129}},"857":{"start":{"line":858,"column":0},"end":{"line":858,"column":43}},"858":{"start":{"line":859,"column":0},"end":{"line":859,"column":67}},"859":{"start":{"line":860,"column":0},"end":{"line":860,"column":32}},"860":{"start":{"line":861,"column":0},"end":{"line":861,"column":36}},"861":{"start":{"line":862,"column":0},"end":{"line":862,"column":36}},"862":{"start":{"line":863,"column":0},"end":{"line":863,"column":43}},"863":{"start":{"line":864,"column":0},"end":{"line":864,"column":44}},"864":{"start":{"line":865,"column":0},"end":{"line":865,"column":44}},"865":{"start":{"line":866,"column":0},"end":{"line":866,"column":50}},"866":{"start":{"line":867,"column":0},"end":{"line":867,"column":8}},"867":{"start":{"line":868,"column":0},"end":{"line":868,"column":47}},"868":{"start":{"line":869,"column":0},"end":{"line":869,"column":16}},"869":{"start":{"line":870,"column":0},"end":{"line":870,"column":76}},"870":{"start":{"line":871,"column":0},"end":{"line":871,"column":10}},"871":{"start":{"line":872,"column":0},"end":{"line":872,"column":52}},"872":{"start":{"line":873,"column":0},"end":{"line":873,"column":67}},"873":{"start":{"line":874,"column":0},"end":{"line":874,"column":28}},"874":{"start":{"line":875,"column":0},"end":{"line":875,"column":28}},"875":{"start":{"line":876,"column":0},"end":{"line":876,"column":15}},"876":{"start":{"line":877,"column":0},"end":{"line":877,"column":37}},"877":{"start":{"line":878,"column":0},"end":{"line":878,"column":5}},"878":{"start":{"line":879,"column":0},"end":{"line":879,"column":4}},"880":{"start":{"line":881,"column":0},"end":{"line":881,"column":79}},"881":{"start":{"line":882,"column":0},"end":{"line":882,"column":39}},"882":{"start":{"line":883,"column":0},"end":{"line":883,"column":4}},"884":{"start":{"line":885,"column":0},"end":{"line":885,"column":62}},"885":{"start":{"line":886,"column":0},"end":{"line":886,"column":43}},"886":{"start":{"line":887,"column":0},"end":{"line":887,"column":17}},"887":{"start":{"line":888,"column":0},"end":{"line":888,"column":13}},"888":{"start":{"line":889,"column":0},"end":{"line":889,"column":5}},"889":{"start":{"line":890,"column":0},"end":{"line":890,"column":55}},"890":{"start":{"line":891,"column":0},"end":{"line":891,"column":20}},"891":{"start":{"line":892,"column":0},"end":{"line":892,"column":33}},"892":{"start":{"line":893,"column":0},"end":{"line":893,"column":13}},"893":{"start":{"line":894,"column":0},"end":{"line":894,"column":5}},"894":{"start":{"line":895,"column":0},"end":{"line":895,"column":59}},"895":{"start":{"line":896,"column":0},"end":{"line":896,"column":60}},"896":{"start":{"line":897,"column":0},"end":{"line":897,"column":24}},"897":{"start":{"line":898,"column":0},"end":{"line":898,"column":5}},"898":{"start":{"line":899,"column":0},"end":{"line":899,"column":9}},"899":{"start":{"line":900,"column":0},"end":{"line":900,"column":25}},"900":{"start":{"line":901,"column":0},"end":{"line":901,"column":34}},"901":{"start":{"line":902,"column":0},"end":{"line":902,"column":13}},"902":{"start":{"line":903,"column":0},"end":{"line":903,"column":50}},"903":{"start":{"line":904,"column":0},"end":{"line":904,"column":5}},"904":{"start":{"line":905,"column":0},"end":{"line":905,"column":4}},"906":{"start":{"line":907,"column":0},"end":{"line":907,"column":10}},"907":{"start":{"line":908,"column":0},"end":{"line":908,"column":62}},"908":{"start":{"line":909,"column":0},"end":{"line":909,"column":119}},"909":{"start":{"line":910,"column":0},"end":{"line":910,"column":26}},"910":{"start":{"line":911,"column":0},"end":{"line":911,"column":90}},"911":{"start":{"line":912,"column":0},"end":{"line":912,"column":36}},"912":{"start":{"line":913,"column":0},"end":{"line":913,"column":18}},"913":{"start":{"line":914,"column":0},"end":{"line":914,"column":30}},"914":{"start":{"line":915,"column":0},"end":{"line":915,"column":144}},"916":{"start":{"line":917,"column":0},"end":{"line":917,"column":31}},"917":{"start":{"line":918,"column":0},"end":{"line":918,"column":20}},"918":{"start":{"line":919,"column":0},"end":{"line":919,"column":15}},"919":{"start":{"line":920,"column":0},"end":{"line":920,"column":16}},"920":{"start":{"line":921,"column":0},"end":{"line":921,"column":17}},"921":{"start":{"line":922,"column":0},"end":{"line":922,"column":63}},"922":{"start":{"line":923,"column":0},"end":{"line":923,"column":49}},"923":{"start":{"line":924,"column":0},"end":{"line":924,"column":69}},"924":{"start":{"line":925,"column":0},"end":{"line":925,"column":47}},"925":{"start":{"line":926,"column":0},"end":{"line":926,"column":55}},"926":{"start":{"line":927,"column":0},"end":{"line":927,"column":20}},"927":{"start":{"line":928,"column":0},"end":{"line":928,"column":91}},"928":{"start":{"line":929,"column":0},"end":{"line":929,"column":60}},"929":{"start":{"line":930,"column":0},"end":{"line":930,"column":58}},"930":{"start":{"line":931,"column":0},"end":{"line":931,"column":18}},"931":{"start":{"line":932,"column":0},"end":{"line":932,"column":23}},"932":{"start":{"line":933,"column":0},"end":{"line":933,"column":89}},"933":{"start":{"line":934,"column":0},"end":{"line":934,"column":90}},"934":{"start":{"line":935,"column":0},"end":{"line":935,"column":31}},"936":{"start":{"line":937,"column":0},"end":{"line":937,"column":39}},"937":{"start":{"line":938,"column":0},"end":{"line":938,"column":22}},"938":{"start":{"line":939,"column":0},"end":{"line":939,"column":60}},"940":{"start":{"line":941,"column":0},"end":{"line":941,"column":23}},"942":{"start":{"line":943,"column":0},"end":{"line":943,"column":22}},"943":{"start":{"line":944,"column":0},"end":{"line":944,"column":59}},"945":{"start":{"line":946,"column":0},"end":{"line":946,"column":23}},"947":{"start":{"line":948,"column":0},"end":{"line":948,"column":25}},"948":{"start":{"line":949,"column":0},"end":{"line":949,"column":20}},"949":{"start":{"line":950,"column":0},"end":{"line":950,"column":18}},"950":{"start":{"line":951,"column":0},"end":{"line":951,"column":17}},"951":{"start":{"line":952,"column":0},"end":{"line":952,"column":27}},"952":{"start":{"line":953,"column":0},"end":{"line":953,"column":43}},"953":{"start":{"line":954,"column":0},"end":{"line":954,"column":38}},"955":{"start":{"line":956,"column":0},"end":{"line":956,"column":70}},"956":{"start":{"line":957,"column":0},"end":{"line":957,"column":94}},"957":{"start":{"line":958,"column":0},"end":{"line":958,"column":107}},"958":{"start":{"line":959,"column":0},"end":{"line":959,"column":58}},"959":{"start":{"line":960,"column":0},"end":{"line":960,"column":25}},"960":{"start":{"line":961,"column":0},"end":{"line":961,"column":24}},"961":{"start":{"line":962,"column":0},"end":{"line":962,"column":54}},"962":{"start":{"line":963,"column":0},"end":{"line":963,"column":35}},"963":{"start":{"line":964,"column":0},"end":{"line":964,"column":53}},"964":{"start":{"line":965,"column":0},"end":{"line":965,"column":98}},"965":{"start":{"line":966,"column":0},"end":{"line":966,"column":67}},"966":{"start":{"line":967,"column":0},"end":{"line":967,"column":20}},"967":{"start":{"line":968,"column":0},"end":{"line":968,"column":59}},"968":{"start":{"line":969,"column":0},"end":{"line":969,"column":63}},"969":{"start":{"line":970,"column":0},"end":{"line":970,"column":25}},"970":{"start":{"line":971,"column":0},"end":{"line":971,"column":106}},"971":{"start":{"line":972,"column":0},"end":{"line":972,"column":56}},"972":{"start":{"line":973,"column":0},"end":{"line":973,"column":25}},"973":{"start":{"line":974,"column":0},"end":{"line":974,"column":24}},"974":{"start":{"line":975,"column":0},"end":{"line":975,"column":20}},"975":{"start":{"line":976,"column":0},"end":{"line":976,"column":55}},"976":{"start":{"line":977,"column":0},"end":{"line":977,"column":45}},"977":{"start":{"line":978,"column":0},"end":{"line":978,"column":51}},"978":{"start":{"line":979,"column":0},"end":{"line":979,"column":92}},"979":{"start":{"line":980,"column":0},"end":{"line":980,"column":80}},"980":{"start":{"line":981,"column":0},"end":{"line":981,"column":126}},"981":{"start":{"line":982,"column":0},"end":{"line":982,"column":55}},"982":{"start":{"line":983,"column":0},"end":{"line":983,"column":24}},"983":{"start":{"line":984,"column":0},"end":{"line":984,"column":27}},"984":{"start":{"line":985,"column":0},"end":{"line":985,"column":144}},"985":{"start":{"line":986,"column":0},"end":{"line":986,"column":38}},"986":{"start":{"line":987,"column":0},"end":{"line":987,"column":48}},"987":{"start":{"line":988,"column":0},"end":{"line":988,"column":24}},"988":{"start":{"line":989,"column":0},"end":{"line":989,"column":96}},"989":{"start":{"line":990,"column":0},"end":{"line":990,"column":35}},"990":{"start":{"line":991,"column":0},"end":{"line":991,"column":69}},"992":{"start":{"line":993,"column":0},"end":{"line":993,"column":111}},"993":{"start":{"line":994,"column":0},"end":{"line":994,"column":29}},"994":{"start":{"line":995,"column":0},"end":{"line":995,"column":36}},"995":{"start":{"line":996,"column":0},"end":{"line":996,"column":94}},"996":{"start":{"line":997,"column":0},"end":{"line":997,"column":32}},"997":{"start":{"line":998,"column":0},"end":{"line":998,"column":32}},"998":{"start":{"line":999,"column":0},"end":{"line":999,"column":32}},"999":{"start":{"line":1000,"column":0},"end":{"line":1000,"column":32}},"1000":{"start":{"line":1001,"column":0},"end":{"line":1001,"column":32}},"1001":{"start":{"line":1002,"column":0},"end":{"line":1002,"column":32}},"1002":{"start":{"line":1003,"column":0},"end":{"line":1003,"column":32}},"1003":{"start":{"line":1004,"column":0},"end":{"line":1004,"column":28}},"1004":{"start":{"line":1005,"column":0},"end":{"line":1005,"column":29}},"1005":{"start":{"line":1006,"column":0},"end":{"line":1006,"column":24}},"1007":{"start":{"line":1008,"column":0},"end":{"line":1008,"column":50}},"1008":{"start":{"line":1009,"column":0},"end":{"line":1009,"column":53}},"1009":{"start":{"line":1010,"column":0},"end":{"line":1010,"column":31}},"1010":{"start":{"line":1011,"column":0},"end":{"line":1011,"column":76}},"1011":{"start":{"line":1012,"column":0},"end":{"line":1012,"column":67}},"1012":{"start":{"line":1013,"column":0},"end":{"line":1013,"column":38}},"1013":{"start":{"line":1014,"column":0},"end":{"line":1014,"column":67}},"1014":{"start":{"line":1015,"column":0},"end":{"line":1015,"column":47}},"1015":{"start":{"line":1016,"column":0},"end":{"line":1016,"column":73}},"1016":{"start":{"line":1017,"column":0},"end":{"line":1017,"column":51}},"1017":{"start":{"line":1018,"column":0},"end":{"line":1018,"column":61}},"1018":{"start":{"line":1019,"column":0},"end":{"line":1019,"column":27}},"1019":{"start":{"line":1020,"column":0},"end":{"line":1020,"column":26}},"1020":{"start":{"line":1021,"column":0},"end":{"line":1021,"column":32}},"1021":{"start":{"line":1022,"column":0},"end":{"line":1022,"column":58}},"1022":{"start":{"line":1023,"column":0},"end":{"line":1023,"column":24}},"1023":{"start":{"line":1024,"column":0},"end":{"line":1024,"column":26}},"1024":{"start":{"line":1025,"column":0},"end":{"line":1025,"column":62}},"1025":{"start":{"line":1026,"column":0},"end":{"line":1026,"column":29}},"1026":{"start":{"line":1027,"column":0},"end":{"line":1027,"column":99}},"1027":{"start":{"line":1028,"column":0},"end":{"line":1028,"column":37}},"1028":{"start":{"line":1029,"column":0},"end":{"line":1029,"column":68}},"1030":{"start":{"line":1031,"column":0},"end":{"line":1031,"column":76}},"1031":{"start":{"line":1032,"column":0},"end":{"line":1032,"column":31}},"1032":{"start":{"line":1033,"column":0},"end":{"line":1033,"column":26}},"1033":{"start":{"line":1034,"column":0},"end":{"line":1034,"column":24}},"1035":{"start":{"line":1036,"column":0},"end":{"line":1036,"column":20}},"1036":{"start":{"line":1037,"column":0},"end":{"line":1037,"column":107}},"1037":{"start":{"line":1038,"column":0},"end":{"line":1038,"column":78}},"1038":{"start":{"line":1039,"column":0},"end":{"line":1039,"column":108}},"1040":{"start":{"line":1041,"column":0},"end":{"line":1041,"column":22}},"1041":{"start":{"line":1042,"column":0},"end":{"line":1042,"column":73}},"1042":{"start":{"line":1043,"column":0},"end":{"line":1043,"column":62}},"1043":{"start":{"line":1044,"column":0},"end":{"line":1044,"column":25}},"1044":{"start":{"line":1045,"column":0},"end":{"line":1045,"column":22}},"1045":{"start":{"line":1046,"column":0},"end":{"line":1046,"column":54}},"1046":{"start":{"line":1047,"column":0},"end":{"line":1047,"column":70}},"1047":{"start":{"line":1048,"column":0},"end":{"line":1048,"column":44}},"1048":{"start":{"line":1049,"column":0},"end":{"line":1049,"column":60}},"1049":{"start":{"line":1050,"column":0},"end":{"line":1050,"column":55}},"1050":{"start":{"line":1051,"column":0},"end":{"line":1051,"column":22}},"1052":{"start":{"line":1053,"column":0},"end":{"line":1053,"column":65}},"1053":{"start":{"line":1054,"column":0},"end":{"line":1054,"column":58}},"1054":{"start":{"line":1055,"column":0},"end":{"line":1055,"column":64}},"1055":{"start":{"line":1056,"column":0},"end":{"line":1056,"column":55}},"1056":{"start":{"line":1057,"column":0},"end":{"line":1057,"column":82}},"1057":{"start":{"line":1058,"column":0},"end":{"line":1058,"column":32}},"1058":{"start":{"line":1059,"column":0},"end":{"line":1059,"column":33}},"1059":{"start":{"line":1060,"column":0},"end":{"line":1060,"column":39}},"1060":{"start":{"line":1061,"column":0},"end":{"line":1061,"column":41}},"1061":{"start":{"line":1062,"column":0},"end":{"line":1062,"column":68}},"1062":{"start":{"line":1063,"column":0},"end":{"line":1063,"column":38}},"1063":{"start":{"line":1064,"column":0},"end":{"line":1064,"column":88}},"1064":{"start":{"line":1065,"column":0},"end":{"line":1065,"column":52}},"1065":{"start":{"line":1066,"column":0},"end":{"line":1066,"column":31}},"1066":{"start":{"line":1067,"column":0},"end":{"line":1067,"column":42}},"1067":{"start":{"line":1068,"column":0},"end":{"line":1068,"column":71}},"1068":{"start":{"line":1069,"column":0},"end":{"line":1069,"column":56}},"1069":{"start":{"line":1070,"column":0},"end":{"line":1070,"column":79}},"1070":{"start":{"line":1071,"column":0},"end":{"line":1071,"column":56}},"1071":{"start":{"line":1072,"column":0},"end":{"line":1072,"column":31}},"1073":{"start":{"line":1074,"column":0},"end":{"line":1074,"column":56}},"1075":{"start":{"line":1076,"column":0},"end":{"line":1076,"column":72}},"1076":{"start":{"line":1077,"column":0},"end":{"line":1077,"column":35}},"1078":{"start":{"line":1079,"column":0},"end":{"line":1079,"column":25}},"1079":{"start":{"line":1080,"column":0},"end":{"line":1080,"column":26}},"1080":{"start":{"line":1081,"column":0},"end":{"line":1081,"column":24}},"1082":{"start":{"line":1083,"column":0},"end":{"line":1083,"column":20}},"1083":{"start":{"line":1084,"column":0},"end":{"line":1084,"column":19}},"1084":{"start":{"line":1085,"column":0},"end":{"line":1085,"column":32}},"1085":{"start":{"line":1086,"column":0},"end":{"line":1086,"column":46}},"1086":{"start":{"line":1087,"column":0},"end":{"line":1087,"column":89}},"1087":{"start":{"line":1088,"column":0},"end":{"line":1088,"column":85}},"1088":{"start":{"line":1089,"column":0},"end":{"line":1089,"column":20}},"1089":{"start":{"line":1090,"column":0},"end":{"line":1090,"column":21}},"1090":{"start":{"line":1091,"column":0},"end":{"line":1091,"column":31}},"1091":{"start":{"line":1092,"column":0},"end":{"line":1092,"column":84}},"1092":{"start":{"line":1093,"column":0},"end":{"line":1093,"column":21}},"1093":{"start":{"line":1094,"column":0},"end":{"line":1094,"column":16}},"1095":{"start":{"line":1096,"column":0},"end":{"line":1096,"column":77}},"1096":{"start":{"line":1097,"column":0},"end":{"line":1097,"column":125}},"1097":{"start":{"line":1098,"column":0},"end":{"line":1098,"column":49}},"1098":{"start":{"line":1099,"column":0},"end":{"line":1099,"column":42}},"1099":{"start":{"line":1100,"column":0},"end":{"line":1100,"column":22}},"1100":{"start":{"line":1101,"column":0},"end":{"line":1101,"column":72}},"1101":{"start":{"line":1102,"column":0},"end":{"line":1102,"column":42}},"1102":{"start":{"line":1103,"column":0},"end":{"line":1103,"column":43}},"1103":{"start":{"line":1104,"column":0},"end":{"line":1104,"column":79}},"1104":{"start":{"line":1105,"column":0},"end":{"line":1105,"column":41}},"1105":{"start":{"line":1106,"column":0},"end":{"line":1106,"column":48}},"1106":{"start":{"line":1107,"column":0},"end":{"line":1107,"column":45}},"1107":{"start":{"line":1108,"column":0},"end":{"line":1108,"column":55}},"1108":{"start":{"line":1109,"column":0},"end":{"line":1109,"column":21}},"1109":{"start":{"line":1110,"column":0},"end":{"line":1110,"column":20}},"1110":{"start":{"line":1111,"column":0},"end":{"line":1111,"column":52}},"1111":{"start":{"line":1112,"column":0},"end":{"line":1112,"column":18}},"1112":{"start":{"line":1113,"column":0},"end":{"line":1113,"column":23}},"1113":{"start":{"line":1114,"column":0},"end":{"line":1114,"column":31}},"1114":{"start":{"line":1115,"column":0},"end":{"line":1115,"column":88}},"1115":{"start":{"line":1116,"column":0},"end":{"line":1116,"column":52}},"1116":{"start":{"line":1117,"column":0},"end":{"line":1117,"column":34}},"1117":{"start":{"line":1118,"column":0},"end":{"line":1118,"column":53}},"1118":{"start":{"line":1119,"column":0},"end":{"line":1119,"column":20}},"1120":{"start":{"line":1121,"column":0},"end":{"line":1121,"column":66}},"1121":{"start":{"line":1122,"column":0},"end":{"line":1122,"column":25}},"1122":{"start":{"line":1123,"column":0},"end":{"line":1123,"column":20}},"1123":{"start":{"line":1124,"column":0},"end":{"line":1124,"column":105}},"1124":{"start":{"line":1125,"column":0},"end":{"line":1125,"column":66}},"1125":{"start":{"line":1126,"column":0},"end":{"line":1126,"column":53}},"1126":{"start":{"line":1127,"column":0},"end":{"line":1127,"column":18}},"1127":{"start":{"line":1128,"column":0},"end":{"line":1128,"column":40}},"1128":{"start":{"line":1129,"column":0},"end":{"line":1129,"column":32}},"1129":{"start":{"line":1130,"column":0},"end":{"line":1130,"column":52}},"1130":{"start":{"line":1131,"column":0},"end":{"line":1131,"column":58}},"1131":{"start":{"line":1132,"column":0},"end":{"line":1132,"column":50}},"1132":{"start":{"line":1133,"column":0},"end":{"line":1133,"column":86}},"1133":{"start":{"line":1134,"column":0},"end":{"line":1134,"column":18}},"1134":{"start":{"line":1135,"column":0},"end":{"line":1135,"column":20}},"1135":{"start":{"line":1136,"column":0},"end":{"line":1136,"column":18}},"1136":{"start":{"line":1137,"column":0},"end":{"line":1137,"column":18}},"1137":{"start":{"line":1138,"column":0},"end":{"line":1138,"column":18}},"1139":{"start":{"line":1140,"column":0},"end":{"line":1140,"column":18}},"1140":{"start":{"line":1141,"column":0},"end":{"line":1141,"column":112}},"1141":{"start":{"line":1142,"column":0},"end":{"line":1142,"column":17}},"1143":{"start":{"line":1144,"column":0},"end":{"line":1144,"column":56}},"1144":{"start":{"line":1145,"column":0},"end":{"line":1145,"column":22}},"1145":{"start":{"line":1146,"column":0},"end":{"line":1146,"column":26}},"1146":{"start":{"line":1147,"column":0},"end":{"line":1147,"column":49}},"1147":{"start":{"line":1148,"column":0},"end":{"line":1148,"column":35}},"1148":{"start":{"line":1149,"column":0},"end":{"line":1149,"column":47}},"1149":{"start":{"line":1150,"column":0},"end":{"line":1150,"column":37}},"1150":{"start":{"line":1151,"column":0},"end":{"line":1151,"column":71}},"1151":{"start":{"line":1152,"column":0},"end":{"line":1152,"column":73}},"1152":{"start":{"line":1153,"column":0},"end":{"line":1153,"column":39}},"1153":{"start":{"line":1154,"column":0},"end":{"line":1154,"column":52}},"1154":{"start":{"line":1155,"column":0},"end":{"line":1155,"column":14}},"1155":{"start":{"line":1156,"column":0},"end":{"line":1156,"column":49}},"1156":{"start":{"line":1157,"column":0},"end":{"line":1157,"column":40}},"1157":{"start":{"line":1158,"column":0},"end":{"line":1158,"column":50}},"1158":{"start":{"line":1159,"column":0},"end":{"line":1159,"column":14}},"1159":{"start":{"line":1160,"column":0},"end":{"line":1160,"column":51}},"1160":{"start":{"line":1161,"column":0},"end":{"line":1161,"column":53}},"1161":{"start":{"line":1162,"column":0},"end":{"line":1162,"column":37}},"1162":{"start":{"line":1163,"column":0},"end":{"line":1163,"column":28}},"1163":{"start":{"line":1164,"column":0},"end":{"line":1164,"column":17}},"1164":{"start":{"line":1165,"column":0},"end":{"line":1165,"column":53}},"1165":{"start":{"line":1166,"column":0},"end":{"line":1166,"column":16}},"1166":{"start":{"line":1167,"column":0},"end":{"line":1167,"column":12}},"1167":{"start":{"line":1168,"column":0},"end":{"line":1168,"column":66}},"1168":{"start":{"line":1169,"column":0},"end":{"line":1169,"column":18}},"1169":{"start":{"line":1170,"column":0},"end":{"line":1170,"column":25}},"1170":{"start":{"line":1171,"column":0},"end":{"line":1171,"column":63}},"1171":{"start":{"line":1172,"column":0},"end":{"line":1172,"column":23}},"1172":{"start":{"line":1173,"column":0},"end":{"line":1173,"column":56}},"1173":{"start":{"line":1174,"column":0},"end":{"line":1174,"column":30}},"1174":{"start":{"line":1175,"column":0},"end":{"line":1175,"column":88}},"1175":{"start":{"line":1176,"column":0},"end":{"line":1176,"column":16}},"1176":{"start":{"line":1177,"column":0},"end":{"line":1177,"column":30}},"1177":{"start":{"line":1178,"column":0},"end":{"line":1178,"column":88}},"1178":{"start":{"line":1179,"column":0},"end":{"line":1179,"column":16}},"1179":{"start":{"line":1180,"column":0},"end":{"line":1180,"column":32}},"1180":{"start":{"line":1181,"column":0},"end":{"line":1181,"column":32}},"1181":{"start":{"line":1182,"column":0},"end":{"line":1182,"column":14}},"1182":{"start":{"line":1183,"column":0},"end":{"line":1183,"column":13}},"1183":{"start":{"line":1184,"column":0},"end":{"line":1184,"column":14}},"1185":{"start":{"line":1186,"column":0},"end":{"line":1186,"column":39}},"1186":{"start":{"line":1187,"column":0},"end":{"line":1187,"column":13}},"1188":{"start":{"line":1189,"column":0},"end":{"line":1189,"column":14}},"1189":{"start":{"line":1190,"column":0},"end":{"line":1190,"column":13}},"1190":{"start":{"line":1191,"column":0},"end":{"line":1191,"column":29}},"1191":{"start":{"line":1192,"column":0},"end":{"line":1192,"column":81}},"1193":{"start":{"line":1194,"column":0},"end":{"line":1194,"column":16}},"1194":{"start":{"line":1195,"column":0},"end":{"line":1195,"column":14}},"1195":{"start":{"line":1196,"column":0},"end":{"line":1196,"column":66}},"1196":{"start":{"line":1197,"column":0},"end":{"line":1197,"column":14}},"1197":{"start":{"line":1198,"column":0},"end":{"line":1198,"column":54}},"1198":{"start":{"line":1199,"column":0},"end":{"line":1199,"column":29}},"1199":{"start":{"line":1200,"column":0},"end":{"line":1200,"column":30}},"1200":{"start":{"line":1201,"column":0},"end":{"line":1201,"column":99}},"1201":{"start":{"line":1202,"column":0},"end":{"line":1202,"column":48}},"1202":{"start":{"line":1203,"column":0},"end":{"line":1203,"column":43}},"1204":{"start":{"line":1205,"column":0},"end":{"line":1205,"column":54}},"1205":{"start":{"line":1206,"column":0},"end":{"line":1206,"column":33}},"1206":{"start":{"line":1207,"column":0},"end":{"line":1207,"column":16}},"1207":{"start":{"line":1208,"column":0},"end":{"line":1208,"column":14}},"1208":{"start":{"line":1209,"column":0},"end":{"line":1209,"column":73}},"1209":{"start":{"line":1210,"column":0},"end":{"line":1210,"column":29}},"1210":{"start":{"line":1211,"column":0},"end":{"line":1211,"column":30}},"1211":{"start":{"line":1212,"column":0},"end":{"line":1212,"column":99}},"1212":{"start":{"line":1213,"column":0},"end":{"line":1213,"column":50}},"1213":{"start":{"line":1214,"column":0},"end":{"line":1214,"column":45}},"1215":{"start":{"line":1216,"column":0},"end":{"line":1216,"column":56}},"1216":{"start":{"line":1217,"column":0},"end":{"line":1217,"column":35}},"1217":{"start":{"line":1218,"column":0},"end":{"line":1218,"column":16}},"1218":{"start":{"line":1219,"column":0},"end":{"line":1219,"column":14}},"1219":{"start":{"line":1220,"column":0},"end":{"line":1220,"column":49}},"1220":{"start":{"line":1221,"column":0},"end":{"line":1221,"column":29}},"1221":{"start":{"line":1222,"column":0},"end":{"line":1222,"column":30}},"1222":{"start":{"line":1223,"column":0},"end":{"line":1223,"column":99}},"1223":{"start":{"line":1224,"column":0},"end":{"line":1224,"column":43}},"1224":{"start":{"line":1225,"column":0},"end":{"line":1225,"column":38}},"1226":{"start":{"line":1227,"column":0},"end":{"line":1227,"column":53}},"1227":{"start":{"line":1228,"column":0},"end":{"line":1228,"column":35}},"1228":{"start":{"line":1229,"column":0},"end":{"line":1229,"column":16}},"1229":{"start":{"line":1230,"column":0},"end":{"line":1230,"column":16}},"1230":{"start":{"line":1231,"column":0},"end":{"line":1231,"column":17}},"1231":{"start":{"line":1232,"column":0},"end":{"line":1232,"column":12}},"1233":{"start":{"line":1234,"column":0},"end":{"line":1234,"column":22}},"1234":{"start":{"line":1235,"column":0},"end":{"line":1235,"column":97}},"1235":{"start":{"line":1236,"column":0},"end":{"line":1236,"column":14}},"1236":{"start":{"line":1237,"column":0},"end":{"line":1237,"column":150}},"1237":{"start":{"line":1238,"column":0},"end":{"line":1238,"column":54}},"1238":{"start":{"line":1239,"column":0},"end":{"line":1239,"column":15}},"1240":{"start":{"line":1241,"column":0},"end":{"line":1241,"column":69}},"1241":{"start":{"line":1242,"column":0},"end":{"line":1242,"column":78}},"1242":{"start":{"line":1243,"column":0},"end":{"line":1243,"column":40}},"1243":{"start":{"line":1244,"column":0},"end":{"line":1244,"column":19}},"1244":{"start":{"line":1245,"column":0},"end":{"line":1245,"column":55}},"1245":{"start":{"line":1246,"column":0},"end":{"line":1246,"column":23}},"1246":{"start":{"line":1247,"column":0},"end":{"line":1247,"column":72}},"1247":{"start":{"line":1248,"column":0},"end":{"line":1248,"column":69}},"1248":{"start":{"line":1249,"column":0},"end":{"line":1249,"column":31}},"1250":{"start":{"line":1251,"column":0},"end":{"line":1251,"column":63}},"1251":{"start":{"line":1252,"column":0},"end":{"line":1252,"column":25}},"1252":{"start":{"line":1253,"column":0},"end":{"line":1253,"column":23}},"1253":{"start":{"line":1254,"column":0},"end":{"line":1254,"column":73}},"1254":{"start":{"line":1255,"column":0},"end":{"line":1255,"column":56}},"1255":{"start":{"line":1256,"column":0},"end":{"line":1256,"column":31}},"1256":{"start":{"line":1257,"column":0},"end":{"line":1257,"column":17}},"1258":{"start":{"line":1259,"column":0},"end"
[...]
":80,"column":0},"end":{"line":80,"column":14}},"80":{"start":{"line":81,"column":0},"end":{"line":81,"column":3}},"81":{"start":{"line":82,"column":0},"end":{"line":82,"column":61}},"82":{"start":{"line":83,"column":0},"end":{"line":83,"column":19}},"83":{"start":{"line":84,"column":0},"end":{"line":84,"column":3}},"84":{"start":{"line":85,"column":0},"end":{"line":85,"column":7}},"85":{"start":{"line":86,"column":0},"end":{"line":86,"column":66}},"86":{"start":{"line":87,"column":0},"end":{"line":87,"column":75}},"87":{"start":{"line":88,"column":0},"end":{"line":88,"column":19}},"88":{"start":{"line":89,"column":0},"end":{"line":89,"column":38}},"89":{"start":{"line":90,"column":0},"end":{"line":90,"column":59}},"90":{"start":{"line":91,"column":0},"end":{"line":91,"column":74}},"91":{"start":{"line":92,"column":0},"end":{"line":92,"column":18}},"92":{"start":{"line":93,"column":0},"end":{"line":93,"column":55}},"93":{"start":{"line":94,"column":0},"end":{"line":94,"column":72}},"94":{"start":{"line":95,"column":0},"end":{"line":95,"column":16}},"95":{"start":{"line":96,"column":0},"end":{"line":96,"column":47}},"96":{"start":{"line":97,"column":0},"end":{"line":97,"column":16}},"97":{"start":{"line":98,"column":0},"end":{"line":98,"column":5}},"98":{"start":{"line":99,"column":0},"end":{"line":99,"column":42}},"99":{"start":{"line":100,"column":0},"end":{"line":100,"column":21}},"100":{"start":{"line":101,"column":0},"end":{"line":101,"column":5}},"101":{"start":{"line":102,"column":0},"end":{"line":102,"column":26}},"102":{"start":{"line":103,"column":0},"end":{"line":103,"column":35}},"103":{"start":{"line":104,"column":0},"end":{"line":104,"column":5}},"104":{"start":{"line":105,"column":0},"end":{"line":105,"column":18}},"105":{"start":{"line":106,"column":0},"end":{"line":106,"column":21}},"106":{"start":{"line":107,"column":0},"end":{"line":107,"column":5}},"107":{"start":{"line":108,"column":0},"end":{"line":108,"column":42}},"108":{"start":{"line":109,"column":0},"end":{"line":109,"column":36}},"109":{"start":{"line":110,"column":0},"end":{"line":110,"column":5}},"110":{"start":{"line":111,"column":0},"end":{"line":111,"column":19}},"111":{"start":{"line":112,"column":0},"end":{"line":112,"column":11}},"112":{"start":{"line":113,"column":0},"end":{"line":113,"column":19}},"113":{"start":{"line":114,"column":0},"end":{"line":114,"column":3}},"114":{"start":{"line":115,"column":0},"end":{"line":115,"column":1}},"121":{"start":{"line":122,"column":0},"end":{"line":122,"column":63}},"122":{"start":{"line":123,"column":0},"end":{"line":123,"column":35}},"123":{"start":{"line":124,"column":0},"end":{"line":124,"column":10}},"124":{"start":{"line":125,"column":0},"end":{"line":125,"column":44}},"125":{"start":{"line":126,"column":0},"end":{"line":126,"column":35}},"126":{"start":{"line":127,"column":0},"end":{"line":127,"column":61}},"127":{"start":{"line":128,"column":0},"end":{"line":128,"column":50}},"129":{"start":{"line":130,"column":0},"end":{"line":130,"column":1}},"132":{"start":{"line":133,"column":0},"end":{"line":133,"column":88}},"133":{"start":{"line":134,"column":0},"end":{"line":134,"column":47}},"134":{"start":{"line":135,"column":0},"end":{"line":135,"column":20}},"135":{"start":{"line":136,"column":0},"end":{"line":136,"column":14}},"136":{"start":{"line":137,"column":0},"end":{"line":137,"column":3}},"137":{"start":{"line":138,"column":0},"end":{"line":138,"column":43}},"138":{"start":{"line":139,"column":0},"end":{"line":139,"column":14}},"139":{"start":{"line":140,"column":0},"end":{"line":140,"column":3}},"140":{"start":{"line":141,"column":0},"end":{"line":141,"column":28}},"141":{"start":{"line":142,"column":0},"end":{"line":142,"column":35}},"142":{"start":{"line":143,"column":0},"end":{"line":143,"column":3}},"143":{"start":{"line":144,"column":0},"end":{"line":144,"column":20}},"144":{"start":{"line":145,"column":0},"end":{"line":145,"column":1}}},"s":{"11":1,"12":10,"13":10,"14":1,"15":1,"16":9,"18":10,"19":3,"20":3,"21":10,"22":10,"25":1,"26":10,"27":4,"28":4,"29":10,"30":2,"31":2,"32":10,"33":2,"34":2,"35":2,"36":1,"37":1,"38":2,"39":2,"40":2,"46":1,"47":19,"48":9,"49":9,"50":19,"51":3,"52":3,"53":5,"54":3,"55":3,"56":5,"57":2,"58":2,"59":0,"60":3,"61":3,"62":3,"63":3,"64":3,"65":19,"66":1,"67":1,"68":1,"69":6,"70":6,"76":1,"77":17,"78":17,"79":2,"80":2,"81":17,"82":6,"83":6,"84":9,"85":9,"86":17,"87":17,"88":17,"89":3,"90":1,"91":2,"92":2,"93":1,"94":1,"95":17,"96":3,"97":3,"98":17,"99":1,"100":1,"101":17,"102":1,"103":1,"104":17,"105":2,"106":2,"107":1,"108":1,"109":1,"110":0,"111":17,"112":1,"113":1,"114":17,"121":1,"122":9,"123":9,"124":9,"125":7,"126":6,"127":5,"129":9,"132":1,"133":6,"134":6,"135":2,"136":2,"137":6,"138":1,"139":1,"140":6,"141":1,"142":1,"143":2,"144":2},"branchMap":{"0":{"type":"branch","line":12,"loc":{"start":{"line":12,"column":7},"end":{"line":23,"column":1}},"locations":[{"start":{"line":12,"column":7},"end":{"line":23,"column":1}}]},"1":{"type":"branch","line":14,"loc":{"start":{"line":14,"column":7},"end":{"line":14,"column":19}},"locations":[{"start":{"line":14,"column":7},"end":{"line":14,"column":19}}]},"2":{"type":"branch","line":14,"loc":{"start":{"line":14,"column":19},"end":{"line":16,"column":3}},"locations":[{"start":{"line":14,"column":19},"end":{"line":16,"column":3}}]},"3":{"type":"branch","line":16,"loc":{"start":{"line":16,"column":2},"end":{"line":19,"column":33}},"locations":[{"start":{"line":16,"column":2},"end":{"line":19,"column":33}}]},"4":{"type":"branch","line":19,"loc":{"start":{"line":19,"column":28},"end":{"line":19,"column":70}},"locations":[{"start":{"line":19,"column":28},"end":{"line":19,"column":70}}]},"5":{"type":"branch","line":19,"loc":{"start":{"line":19,"column":70},"end":{"line":21,"column":3}},"locations":[{"start":{"line":19,"column":70},"end":{"line":21,"column":3}}]},"6":{"type":"branch","line":21,"loc":{"start":{"line":21,"column":2},"end":{"line":22,"column":22}},"locations":[{"start":{"line":21,"column":2},"end":{"line":22,"column":22}}]},"7":{"type":"branch","line":22,"loc":{"start":{"line":22,"column":9},"end":{"line":22,"column":27}},"locations":[{"start":{"line":22,"column":9},"end":{"line":22,"column":27}}]},"8":{"type":"branch","line":26,"loc":{"start":{"line":26,"column":7},"end":{"line":41,"column":1}},"locations":[{"start":{"line":26,"column":7},"end":{"line":41,"column":1}}]},"9":{"type":"branch","line":27,"loc":{"start":{"line":27,"column":33},"end":{"line":29,"column":3}},"locations":[{"start":{"line":27,"column":33},"end":{"line":29,"column":3}}]},"10":{"type":"branch","line":29,"loc":{"start":{"line":29,"column":2},"end":{"line":30,"column":24}},"locations":[{"start":{"line":29,"column":2},"end":{"line":30,"column":24}}]},"11":{"type":"branch","line":30,"loc":{"start":{"line":30,"column":16},"end":{"line":30,"column":45}},"locations":[{"start":{"line":30,"column":16},"end":{"line":30,"column":45}}]},"12":{"type":"branch","line":30,"loc":{"start":{"line":30,"column":45},"end":{"line":32,"column":3}},"locations":[{"start":{"line":30,"column":45},"end":{"line":32,"column":3}}]},"13":{"type":"branch","line":32,"loc":{"start":{"line":32,"column":2},"end":{"line":33,"column":33}},"locations":[{"start":{"line":32,"column":2},"end":{"line":33,"column":33}}]},"14":{"type":"branch","line":33,"loc":{"start":{"line":33,"column":33},"end":{"line":41,"column":1}},"locations":[{"start":{"line":33,"column":33},"end":{"line":41,"column":1}}]},"15":{"type":"branch","line":36,"loc":{"start":{"line":36,"column":4},"end":{"line":38,"column":5}},"locations":[{"start":{"line":36,"column":4},"end":{"line":38,"column":5}}]},"16":{"type":"branch","line":47,"loc":{"start":{"line":47,"column":7},"end":{"line":71,"column":1}},"locations":[{"start":{"line":47,"column":7},"end":{"line":71,"column":1}}]},"17":{"type":"branch","line":48,"loc":{"start":{"line":48,"column":33},"end":{"line":50,"column":3}},"locations":[{"start":{"line":48,"column":33},"end":{"line":50,"column":3}}]},"18":{"type":"branch","line":49,"loc":{"start":{"line":49,"column":22},"end":{"line":49,"column":32}},"locations":[{"start":{"line":49,"column":22},"end":{"line":49,"column":32}}]},"19":{"type":"branch","line":50,"loc":{"start":{"line":50,"column":2},"end":{"line":51,"column":28}},"locations":[{"start":{"line":50,"column":2},"end":{"line":51,"column":28}}]},"20":{"type":"branch","line":51,"loc":{"start":{"line":51,"column":28},"end":{"line":65,"column":3}},"locations":[{"start":{"line":51,"column":28},"end":{"line":65,"column":3}}]},"21":{"type":"branch","line":64,"loc":{"start":{"line":64,"column":11},"end":{"line":64,"column":26}},"locations":[{"start":{"line":64,"column":11},"end":{"line":64,"column":26}}]},"22":{"type":"branch","line":65,"loc":{"start":{"line":65,"column":2},"end":{"line":66,"column":15}},"locations":[{"start":{"line":65,"column":2},"end":{"line":66,"column":15}}]},"23":{"type":"branch","line":66,"loc":{"start":{"line":66,"column":6},"end":{"line":66,"column":44}},"locations":[{"start":{"line":66,"column":6},"end":{"line":66,"column":44}}]},"24":{"type":"branch","line":66,"loc":{"start":{"line":66,"column":32},"end":{"line":66,"column":61}},"locations":[{"start":{"line":66,"column":32},"end":{"line":66,"column":61}}]},"25":{"type":"branch","line":66,"loc":{"start":{"line":66,"column":61},"end":{"line":69,"column":3}},"locations":[{"start":{"line":66,"column":61},"end":{"line":69,"column":3}}]},"26":{"type":"branch","line":68,"loc":{"start":{"line":68,"column":11},"end":{"line":68,"column":24}},"locations":[{"start":{"line":68,"column":11},"end":{"line":68,"column":24}}]},"27":{"type":"branch","line":69,"loc":{"start":{"line":69,"column":2},"end":{"line":71,"column":1}},"locations":[{"start":{"line":69,"column":2},"end":{"line":71,"column":1}}]},"28":{"type":"branch","line":53,"loc":{"start":{"line":53,"column":11},"end":{"line":61,"column":7}},"locations":[{"start":{"line":53,"column":11},"end":{"line":61,"column":7}}]},"29":{"type":"branch","line":54,"loc":{"start":{"line":54,"column":39},"end":{"line":56,"column":9}},"locations":[{"start":{"line":54,"column":39},"end":{"line":56,"column":9}}]},"30":{"type":"branch","line":56,"loc":{"start":{"line":56,"column":8},"end":{"line":57,"column":50}},"locations":[{"start":{"line":56,"column":8},"end":{"line":57,"column":50}}]},"31":{"type":"branch","line":57,"loc":{"start":{"line":57,"column":38},"end":{"line":57,"column":67}},"locations":[{"start":{"line":57,"column":38},"end":{"line":57,"column":67}}]},"32":{"type":"branch","line":57,"loc":{"start":{"line":57,"column":67},"end":{"line":59,"column":9}},"locations":[{"start":{"line":57,"column":67},"end":{"line":59,"column":9}}]},"33":{"type":"branch","line":59,"loc":{"start":{"line":59,"column":8},"end":{"line":60,"column":43}},"locations":[{"start":{"line":59,"column":8},"end":{"line":60,"column":43}}]},"34":{"type":"branch","line":77,"loc":{"start":{"line":77,"column":7},"end":{"line":115,"column":1}},"locations":[{"start":{"line":77,"column":7},"end":{"line":115,"column":1}}]},"35":{"type":"branch","line":79,"loc":{"start":{"line":79,"column":16},"end":{"line":81,"column":3}},"locations":[{"start":{"line":79,"column":16},"end":{"line":81,"column":3}}]},"36":{"type":"branch","line":81,"loc":{"start":{"line":81,"column":2},"end":{"line":82,"column":34}},"locations":[{"start":{"line":81,"column":2},"end":{"line":82,"column":34}}]},"37":{"type":"branch","line":82,"loc":{"start":{"line":82,"column":29},"end":{"line":82,"column":60}},"locations":[{"start":{"line":82,"column":29},"end":{"line":82,"column":60}}]},"38":{"type":"branch","line":82,"loc":{"start":{"line":82,"column":60},"end":{"line":84,"column":3}},"locations":[{"start":{"line":82,"column":60},"end":{"line":84,"column":3}}]},"39":{"type":"branch","line":84,"loc":{"start":{"line":84,"column":2},"end":{"line":87,"column":51}},"locations":[{"start":{"line":84,"column":2},"end":{"line":87,"column":51}}]},"40":{"type":"branch","line":87,"loc":{"start":{"line":87,"column":40},"end":{"line":87,"column":65}},"locations":[{"start":{"line":87,"column":40},"end":{"line":87,"column":65}}]},"41":{"type":"branch","line":87,"loc":{"start":{"line":87,"column":58},"end":{"line":87,"column":75}},"locations":[{"start":{"line":87,"column":58},"end":{"line":87,"column":75}}]},"42":{"type":"branch","line":89,"loc":{"start":{"line":89,"column":34},"end":{"line":92,"column":18}},"locations":[{"start":{"line":89,"column":34},"end":{"line":92,"column":18}}]},"43":{"type":"branch","line":90,"loc":{"start":{"line":90,"column":14},"end":{"line":90,"column":59}},"locations":[{"start":{"line":90,"column":14},"end":{"line":90,"column":59}}]},"44":{"type":"branch","line":90,"loc":{"start":{"line":90,"column":51},"end":{"line":91,"column":74}},"locations":[{"start":{"line":90,"column":51},"end":{"line":91,"column":74}}]},"45":{"type":"branch","line":91,"loc":{"start":{"line":91,"column":73},"end":{"line":92,"column":18}},"locations":[{"start":{"line":91,"column":73},"end":{"line":92,"column":18}}]},"46":{"type":"branch","line":92,"loc":{"start":{"line":92,"column":10},"end":{"line":95,"column":16}},"locations":[{"start":{"line":92,"column":10},"end":{"line":95,"column":16}}]},"47":{"type":"branch","line":93,"loc":{"start":{"line":93,"column":14},"end":{"line":93,"column":55}},"locations":[{"start":{"line":93,"column":14},"end":{"line":93,"column":55}}]},"48":{"type":"branch","line":93,"loc":{"start":{"line":93,"column":47},"end":{"line":94,"column":72}},"locations":[{"start":{"line":93,"column":47},"end":{"line":94,"column":72}}]},"49":{"type":"branch","line":94,"loc":{"start":{"line":94,"column":71},"end":{"line":95,"column":16}},"locations":[{"start":{"line":94,"column":71},"end":{"line":95,"column":16}}]},"50":{"type":"branch","line":96,"loc":{"start":{"line":96,"column":17},"end":{"line":96,"column":46}},"locations":[{"start":{"line":96,"column":17},"end":{"line":96,"column":46}}]},"51":{"type":"branch","line":96,"loc":{"start":{"line":96,"column":46},"end":{"line":98,"column":5}},"locations":[{"start":{"line":96,"column":46},"end":{"line":98,"column":5}}]},"52":{"type":"branch","line":98,"loc":{"start":{"line":98,"column":4},"end":{"line":99,"column":32}},"locations":[{"start":{"line":98,"column":4},"end":{"line":99,"column":32}}]},"53":{"type":"branch","line":99,"loc":{"start":{"line":99,"column":17},"end":{"line":99,"column":41}},"locations":[{"start":{"line":99,"column":17},"end":{"line":99,"column":41}}]},"54":{"type":"branch","line":99,"loc":{"start":{"line":99,"column":41},"end":{"line":101,"column":5}},"locations":[{"start":{"line":99,"column":41},"end":{"line":101,"column":5}}]},"55":{"type":"branch","line":101,"loc":{"start":{"line":101,"column":4},"end":{"line":102,"column":16}},"locations":[{"start":{"line":101,"column":4},"end":{"line":102,"column":16}}]},"56":{"type":"branch","line":102,"loc":{"start":{"line":102,"column":8},"end":{"line":102,"column":25}},"locations":[{"start":{"line":102,"column":8},"end":{"line":102,"column":25}}]},"57":{"type":"branch","line":102,"loc":{"start":{"line":102,"column":25},"end":{"line":104,"column":5}},"locations":[{"start":{"line":102,"column":25},"end":{"line":104,"column":5}}]},"58":{"type":"branch","line":104,"loc":{"start":{"line":104,"column":4},"end":{"line":105,"column":17}},"locations":[{"start":{"line":104,"column":4},"end":{"line":105,"column":17}}]},"59":{"type":"branch","line":105,"loc":{"start":{"line":105,"column":17},"end":{"line":107,"column":5}},"locations":[{"start":{"line":105,"column":17},"end":{"line":107,"column":5}}]},"60":{"type":"branch","line":107,"loc":{"start":{"line":107,"column":4},"end":{"line":110,"column":5}},"locations":[{"start":{"line":107,"column":4},"end":{"line":110,"column":5}}]},"61":{"type":"branch","line":110,"loc":{"start":{"line":110,"column":4},"end":{"line":112,"column":10}},"locations":[{"start":{"line":110,"column":4},"end":{"line":112,"column":10}}]},"62":{"type":"branch","line":112,"loc":{"start":{"line":112,"column":2},"end":{"line":114,"column":3}},"locations":[{"start":{"line":112,"column":2},"end":{"line":114,"column":3}}]},"63":{"type":"branch","line":122,"loc":{"start":{"line":122,"column":7},"end":{"line":130,"column":1}},"locations":[{"start":{"line":122,"column":7},"end":{"line":130,"column":1}}]},"64":{"type":"branch","line":125,"loc":{"start":{"line":125,"column":40},"end":{"line":126,"column":35}},"locations":[{"start":{"line":125,"column":40},"end":{"line":126,"column":35}}]},"65":{"type":"branch","line":126,"loc":{"start":{"line":126,"column":31},"end":{"line":127,"column":61}},"locations":[{"start":{"line":126,"column":31},"end":{"line":127,"column":61}}]},"66":{"type":"branch","line":127,"loc":{"start":{"line":127,"column":57},"end":{"line":128,"column":50}},"locations":[{"start":{"line":127,"column":57},"end":{"line":128,"column":50}}]},"67":{"type":"branch","line":133,"loc":{"start":{"line":133,"column":7},"end":{"line":145,"column":1}},"locations":[{"start":{"line":133,"column":7},"end":{"line":145,"column":1}}]},"68":{"type":"branch","line":135,"loc":{"start":{"line":135,"column":19},"end":{"line":137,"column":3}},"locations":[{"start":{"line":135,"column":19},"end":{"line":137,"column":3}}]},"69":{"type":"branch","line":137,"loc":{"start":{"line":137,"column":2},"end":{"line":138,"column":42}},"locations":[{"start":{"line":137,"column":2},"end":{"line":138,"column":42}}]},"70":{"type":"branch","line":138,"loc":{"start":{"line":138,"column":42},"end":{"line":140,"column":3}},"locations":[{"start":{"line":138,"column":42},"end":{"line":140,"column":3}}]},"71":{"type":"branch","line":140,"loc":{"start":{"line":140,"column":2},"end":{"line":141,"column":27}},"locations":[{"start":{"line":140,"column":2},"end":{"line":141,"column":27}}]},"72":{"type":"branch","line":141,"loc":{"start":{"line":141,"column":27},"end":{"line":143,"column":3}},"locations":[{"start":{"line":141,"column":27},"end":{"line":143,"column":3}}]},"73":{"type":"branch","line":143,"loc":{"start":{"line":143,"column":2},"end":{"line":145,"column":1}},"locations":[{"start":{"line":143,"column":2},"end":{"line":145,"column":1}}]}},"b":{"0":[10],"1":[9],"2":[1],"3":[9],"4":[12],"5":[3],"6":[9],"7":[0],"8":[10],"9":[4],"10":[6],"11":[5],"12":[2],"13":[4],"14":[2],"15":[1],"16":[19],"17":[9],"18":[1],"19":[10],"20":[3],"21":[1],"22":[7],"23":[3],"24":[2],"25":[1],"26":[0],"27":[6],"28":[5],"29":[3],"30":[2],"31":[2],"32":[2],"33":[0],"34":[17],"35":[2],"36":[15],"37":[6],"38":[6],"39":[9],"40":[5],"41":[3],"42":[3],"43":[1],"44":[1],"45":[2],"46":[2],"47":[1],"48":[1],"49":[1],"50":[6],"51":[3],"52":[5],"53":[1],"54":[1],"55":[4],"56":[1],"57":[1],"58":[3],"59":[2],"60":[1],"61":[0],"62":[1],"63":[9],"64":[7],"65":[6],"66":[5],"67":[6],"68":[2],"69":[4],"70":[1],"71":[3],"72":[1],"73":[2]},"fnMap":{"0":{"name":"detectFirstUrl","decl":{"start":{"line":12,"column":7},"end":{"line":23,"column":1}},"loc":{"start":{"line":12,"column":7},"end":{"line":23,"column":1}},"line":12},"1":{"name":"stringifyUnknownJson","decl":{"start":{"line":26,"column":7},"end":{"line":41,"column":1}},"loc":{"start":{"line":26,"column":7},"end":{"line":41,"column":1}},"line":26},"2":{"name":"pickTextField","decl":{"start":{"line":47,"column":7},"end":{"line":71,"column":1}},"loc":{"start":{"line":47,"column":7},"end":{"line":71,"column":1}},"line":47},"3":{"name":"formatStreamingLine","decl":{"start":{"line":77,"column":7},"end":{"line":115,"column":1}},"loc":{"start":{"line":77,"column":7},"end":{"line":115,"column":1}},"line":77},"4":{"name":"shouldSuppressLiveLine","decl":{"start":{"line":122,"column":7},"end":{"line":130,"column":1}},"loc":{"start":{"line":122,"column":7},"end":{"line":130,"column":1}},"line":122},"5":{"name":"formatLiveOutputLine","decl":{"start":{"line":133,"column":7},"end":{"line":145,"column":1}},"loc":{"start":{"line":133,"column":7},"end":{"line":145,"column":1}},"line":133}},"f":{"0":10,"1":10,"2":19,"3":17,"4":9,"5":6}}
}
